The target system is: Generic -  - 
The host system is: Linux - 5.15.167.4-microsoft-standard-WSL2 - aarch64
Compiling the C compiler identification source file "CMakeCCompilerId.c" succeeded.
Compiler: /root/.espressif/tools/xtensa-esp-elf/esp-15.1.0_20250607/xtensa-esp-elf/bin/xtensa-esp32-elf-gcc 
Build flags: -mlongcalls;-Wno-frame-address;-fno-builtin-memcpy;-fno-builtin-memset;-fno-builtin-bzero;
Id flags:  

The output was:
0


Compilation of the C compiler identification source "CMakeCCompilerId.c" produced "a.out"

The C compiler identification is GNU, found in "/root/leak_detector_liquid_level_ws/leak_detector/build/CMakeFiles/3.22.1/CompilerIdC/a.out"

Compiling the CXX compiler identification source file "CMakeCXXCompilerId.cpp" succeeded.
Compiler: /root/.espressif/tools/xtensa-esp-elf/esp-15.1.0_20250607/xtensa-esp-elf/bin/xtensa-esp32-elf-g++ 
Build flags: -mlongcalls;-Wno-frame-address;-fno-builtin-memcpy;-fno-builtin-memset;-fno-builtin-bzero;
Id flags:  

The output was:
0


Compilation of the CXX compiler identification source "CMakeCXXCompilerId.cpp" produced "a.out"

The CXX compiler identification is GNU, found in "/root/leak_detector_liquid_level_ws/leak_detector/build/CMakeFiles/3.22.1/CompilerIdCXX/a.out"

Checking whether the ASM compiler is GNU using "--version" matched "(GNU assembler)|(GCC)|(Free Software Foundation)":
xtensa-esp-elf-gcc (crosstool-NG esp-15.1.0_20250607) 15.1.0
Copyright (C) 2025 Free Software Foundation, Inc.
This is free software; see the source for copying conditions.  There is NO
warranty; not even for MERCHANTABILITY or FITNESS FOR A PARTICULAR PURPOSE.

Detecting C compiler ABI info compiled with the following output:
Change Dir: /root/leak_detector_liquid_level_ws/leak_detector/build/CMakeFiles/CMakeTmp

Run Build Command(s):/usr/bin/ninja cmTC_cdd3a && [1/2] Building C object CMakeFiles/cmTC_cdd3a.dir/CMakeCCompilerABI.c.obj
Using built-in specs.
COLLECT_GCC=/root/.espressif/tools/xtensa-esp-elf/esp-15.1.0_20250607/xtensa-esp-elf/bin/xtensa-esp-elf-gcc
Target: xtensa-esp-elf
Configured with: /builds/idf/crosstool-NG/.build/xtensa-esp-elf/src/gcc/configure --build=x86_64-build_pc-linux-gnu --host=aarch64-host_unknown-linux-gnu --target=xtensa-esp-elf --prefix=/builds/idf/crosstool-NG/builds/xtensa-esp-elf --exec_prefix=/builds/idf/crosstool-NG/builds/xtensa-esp-elf --with-local-prefix=/builds/idf/crosstool-NG/builds/xtensa-esp-elf/xtensa-esp-elf --with-sysroot=/builds/idf/crosstool-NG/builds/xtensa-esp-elf/xtensa-esp-elf --with-native-system-header-dir=/include --with-headers=/builds/idf/crosstool-NG/builds/xtensa-esp-elf/xtensa-esp-elf/include --with-newlib --enable-threads=no --disable-shared --with-pkgversion='crosstool-NG esp-15.1.0_20250607' --disable-__cxa_atexit --enable-cxx-flags='-ffunction-sections -fdata-sections' --disable-libgomp --disable-libmudflap --disable-libmpx --disable-libssp --disable-libquadmath --disable-libquadmath-support --disable-libstdcxx-verbose --with-gmp=/builds/idf/crosstool-NG/.build/xtensa-esp-elf/buildtools/complibs-host --with-mpfr=/builds/idf/crosstool-NG/.build/xtensa-esp-elf/buildtools/complibs-host --with-mpc=/builds/idf/crosstool-NG/.build/xtensa-esp-elf/buildtools/complibs-host --with-isl=/builds/idf/crosstool-NG/.build/xtensa-esp-elf/buildtools/complibs-host --enable-lto --enable-target-optspace --without-long-double-128 --enable-plugin --disable-nls --enable-multiarch --enable-languages=c,c++ --disable-libstdcxx-verbose --enable-threads=posix --enable-libstdcxx-time=yes --disable-win32-utf8-manifest
Thread model: posix
Supported LTO compression algorithms: zlib zstd
gcc version 15.1.0 (crosstool-NG esp-15.1.0_20250607) 
COLLECT_GCC_OPTIONS='-mdynconfig=xtensa_esp32.so' '-mlongcalls' '-Wno-frame-address' '-fno-builtin-memcpy' '-fno-builtin-memset' '-fno-builtin-bzero' '-v' '-o' 'CMakeFiles/cmTC_cdd3a.dir/CMakeCCompilerABI.c.obj' '-c' '-dumpdir' 'CMakeFiles/cmTC_cdd3a.dir/'
 /root/.espressif/tools/xtensa-esp-elf/esp-15.1.0_20250607/xtensa-esp-elf/bin/../libexec/gcc/xtensa-esp-elf/15.1.0/cc1 -quiet -v -imultilib esp32 -iprefix /root/.espressif/tools/xtensa-esp-elf/esp-15.1.0_20250607/xtensa-esp-elf/bin/../lib/gcc/xtensa-esp-elf/15.1.0/ -isysroot /root/.espressif/tools/xtensa-esp-elf/esp-15.1.0_20250607/xtensa-esp-elf/bin/../xtensa-esp-elf /usr/share/cmake-3.22/Modules/CMakeCCompilerABI.c -quiet -dumpdir CMakeFiles/cmTC_cdd3a.dir/ -dumpbase CMakeCCompilerABI.c.c -dumpbase-ext .c -mdynconfig=xtensa_esp32.so -mlongcalls -Wno-frame-address -version -fno-builtin-memcpy -fno-builtin-memset -fno-builtin-bzero -o /tmp/ccthVcK0.s
GNU C23 (crosstool-NG esp-15.1.0_20250607) version 15.1.0 (xtensa-esp-elf)
	compiled by GNU C version 6.3.0 20170516, GMP version 6.3.0, MPFR version 4.2.1, MPC version 1.3.1, isl version isl-0.26-GMP

GGC heuristics: --param ggc-min-expand=100 --param ggc-min-heapsize=131072
ignoring duplicate directory "/root/.espressif/tools/xtensa-esp-elf/esp-15.1.0_20250607/xtensa-esp-elf/bin/../lib/gcc/../../lib/gcc/xtensa-esp-elf/15.1.0/include"
ignoring nonexistent directory "/root/.espressif/tools/xtensa-esp-elf/esp-15.1.0_20250607/xtensa-esp-elf/bin/../xtensa-esp-elf/builds/idf/crosstool-NG/builds/xtensa-esp-elf/xtensa-esp-elf/include"
ignoring duplicate directory "/root/.espressif/tools/xtensa-esp-elf/esp-15.1.0_20250607/xtensa-esp-elf/bin/../lib/gcc/../../lib/gcc/xtensa-esp-elf/15.1.0/include-fixed"
ignoring duplicate directory "/root/.espressif/tools/xtensa-esp-elf/esp-15.1.0_20250607/xtensa-esp-elf/bin/../lib/gcc/../../lib/gcc/xtensa-esp-elf/15.1.0/../../../../xtensa-esp-elf/include"
ignoring duplicate directory "/root/.espressif/tools/xtensa-esp-elf/esp-15.1.0_20250607/xtensa-esp-elf/bin/../xtensa-esp-elf/include"
#include "..." search starts here:
#include <...> search starts here:
 /root/.espressif/tools/xtensa-esp-elf/esp-15.1.0_20250607/xtensa-esp-elf/bin/../lib/gcc/xtensa-esp-elf/15.1.0/include
 /root/.espressif/tools/xtensa-esp-elf/esp-15.1.0_20250607/xtensa-esp-elf/bin/../lib/gcc/xtensa-esp-elf/15.1.0/include-fixed
 /root/.espressif/tools/xtensa-esp-elf/esp-15.1.0_20250607/xtensa-esp-elf/bin/../lib/gcc/xtensa-esp-elf/15.1.0/../../../../xtensa-esp-elf/include
End of search list.
Compiler executable checksum: df8c7d1aab786e00d74edf9f9557c1e4
COLLECT_GCC_OPTIONS='-mdynconfig=xtensa_esp32.so' '-mlongcalls' '-Wno-frame-address' '-fno-builtin-memcpy' '-fno-builtin-memset' '-fno-builtin-bzero' '-v' '-o' 'CMakeFiles/cmTC_cdd3a.dir/CMakeCCompilerABI.c.obj' '-c' '-dumpdir' 'CMakeFiles/cmTC_cdd3a.dir/'
 /root/.espressif/tools/xtensa-esp-elf/esp-15.1.0_20250607/xtensa-esp-elf/bin/../lib/gcc/xtensa-esp-elf/15.1.0/../../../../xtensa-esp-elf/bin/as --traditional-format --longcalls --dynconfig=xtensa_esp32.so -o CMakeFiles/cmTC_cdd3a.dir/CMakeCCompilerABI.c.obj /tmp/ccthVcK0.s
COMPILER_PATH=/root/.espressif/tools/xtensa-esp-elf/esp-15.1.0_20250607/xtensa-esp-elf/bin/../libexec/gcc/xtensa-esp-elf/15.1.0/:/root/.espressif/tools/xtensa-esp-elf/esp-15.1.0_20250607/xtensa-esp-elf/bin/../libexec/gcc/:/root/.espressif/tools/xtensa-esp-elf/esp-15.1.0_20250607/xtensa-esp-elf/bin/../lib/gcc/xtensa-esp-elf/15.1.0/../../../../xtensa-esp-elf/bin/
LIBRARY_PATH=/root/.espressif/tools/xtensa-esp-elf/esp-15.1.0_20250607/xtensa-esp-elf/bin/../lib/gcc/xtensa-esp-elf/15.1.0/esp32/:/root/.espressif/tools/xtensa-esp-elf/esp-15.1.0_20250607/xtensa-esp-elf/bin/../lib/gcc/xtensa-esp-elf/15.1.0/../../../../xtensa-esp-elf/lib/esp32/:/root/.espressif/tools/xtensa-esp-elf/esp-15.1.0_20250607/xtensa-esp-elf/bin/../xtensa-esp-elf/lib/esp32/:/root/.espressif/tools/xtensa-esp-elf/esp-15.1.0_20250607/xtensa-esp-elf/bin/../lib/gcc/xtensa-esp-elf/15.1.0/:/root/.espressif/tools/xtensa-esp-elf/esp-15.1.0_20250607/xtensa-esp-elf/bin/../lib/gcc/:/root/.espressif/tools/xtensa-esp-elf/esp-15.1.0_20250607/xtensa-esp-elf/bin/../lib/gcc/xtensa-esp-elf/15.1.0/../../../../xtensa-esp-elf/lib/:/root/.espressif/tools/xtensa-esp-elf/esp-15.1.0_20250607/xtensa-esp-elf/bin/../xtensa-esp-elf/lib/:/root/.espressif/tools/xtensa-esp-elf/esp-15.1.0_20250607/xtensa-esp-elf/bin/../xtensa-esp-elf/usr/lib/
COLLECT_GCC_OPTIONS='-mdynconfig=xtensa_esp32.so' '-mlongcalls' '-Wno-frame-address' '-fno-builtin-memcpy' '-fno-builtin-memset' '-fno-builtin-bzero' '-v' '-o' 'CMakeFiles/cmTC_cdd3a.dir/CMakeCCompilerABI.c.obj' '-c' '-dumpdir' 'CMakeFiles/cmTC_cdd3a.dir/CMakeCCompilerABI.c.'
[2/2] Linking C executable cmTC_cdd3a
Using built-in specs.
COLLECT_GCC=/root/.espressif/tools/xtensa-esp-elf/esp-15.1.0_20250607/xtensa-esp-elf/bin/xtensa-esp-elf-gcc
COLLECT_LTO_WRAPPER=/root/.espressif/tools/xtensa-esp-elf/esp-15.1.0_20250607/xtensa-esp-elf/bin/../libexec/gcc/xtensa-esp-elf/15.1.0/lto-wrapper
Target: xtensa-esp-elf
Configured with: /builds/idf/crosstool-NG/.build/xtensa-esp-elf/src/gcc/configure --build=x86_64-build_pc-linux-gnu --host=aarch64-host_unknown-linux-gnu --target=xtensa-esp-elf --prefix=/builds/idf/crosstool-NG/builds/xtensa-esp-elf --exec_prefix=/builds/idf/crosstool-NG/builds/xtensa-esp-elf --with-local-prefix=/builds/idf/crosstool-NG/builds/xtensa-esp-elf/xtensa-esp-elf --with-sysroot=/builds/idf/crosstool-NG/builds/xtensa-esp-elf/xtensa-esp-elf --with-native-system-header-dir=/include --with-headers=/builds/idf/crosstool-NG/builds/xtensa-esp-elf/xtensa-esp-elf/include --with-newlib --enable-threads=no --disable-shared --with-pkgversion='crosstool-NG esp-15.1.0_20250607' --disable-__cxa_atexit --enable-cxx-flags='-ffunction-sections -fdata-sections' --disable-libgomp --disable-libmudflap --disable-libmpx --disable-libssp --disable-libquadmath --disable-libquadmath-support --disable-libstdcxx-verbose --with-gmp=/builds/idf/crosstool-NG/.build/xtensa-esp-elf/buildtools/complibs-host --with-mpfr=/builds/idf/crosstool-NG/.build/xtensa-esp-elf/buildtools/complibs-host --with-mpc=/builds/idf/crosstool-NG/.build/xtensa-esp-elf/buildtools/complibs-host --with-isl=/builds/idf/crosstool-NG/.build/xtensa-esp-elf/buildtools/complibs-host --enable-lto --enable-target-optspace --without-long-double-128 --enable-plugin --disable-nls --enable-multiarch --enable-languages=c,c++ --disable-libstdcxx-verbose --enable-threads=posix --enable-libstdcxx-time=yes --disable-win32-utf8-manifest
Thread model: posix
Supported LTO compression algorithms: zlib zstd
gcc version 15.1.0 (crosstool-NG esp-15.1.0_20250607) 
COMPILER_PATH=/root/.espressif/tools/xtensa-esp-elf/esp-15.1.0_20250607/xtensa-esp-elf/bin/../libexec/gcc/xtensa-esp-elf/15.1.0/:/root/.espressif/tools/xtensa-esp-elf/esp-15.1.0_20250607/xtensa-esp-elf/bin/../libexec/gcc/:/root/.espressif/tools/xtensa-esp-elf/esp-15.1.0_20250607/xtensa-esp-elf/bin/../lib/gcc/xtensa-esp-elf/15.1.0/../../../../xtensa-esp-elf/bin/
LIBRARY_PATH=/root/.espressif/tools/xtensa-esp-elf/esp-15.1.0_20250607/xtensa-esp-elf/bin/../lib/gcc/xtensa-esp-elf/15.1.0/esp32/:/root/.espressif/tools/xtensa-esp-elf/esp-15.1.0_20250607/xtensa-esp-elf/bin/../lib/gcc/xtensa-esp-elf/15.1.0/../../../../xtensa-esp-elf/lib/esp32/:/root/.espressif/tools/xtensa-esp-elf/esp-15.1.0_20250607/xtensa-esp-elf/bin/../xtensa-esp-elf/lib/esp32/:/root/.espressif/tools/xtensa-esp-elf/esp-15.1.0_20250607/xtensa-esp-elf/bin/../lib/gcc/xtensa-esp-elf/15.1.0/:/root/.espressif/tools/xtensa-esp-elf/esp-15.1.0_20250607/xtensa-esp-elf/bin/../lib/gcc/:/root/.espressif/tools/xtensa-esp-elf/esp-15.1.0_20250607/xtensa-esp-elf/bin/../lib/gcc/xtensa-esp-elf/15.1.0/../../../../xtensa-esp-elf/lib/:/root/.espressif/tools/xtensa-esp-elf/esp-15.1.0_20250607/xtensa-esp-elf/bin/../xtensa-esp-elf/lib/:/root/.espressif/tools/xtensa-esp-elf/esp-15.1.0_20250607/xtensa-esp-elf/bin/../xtensa-esp-elf/usr/lib/
COLLECT_GCC_OPTIONS='-mdynconfig=xtensa_esp32.so' '-mlongcalls' '-Wno-frame-address' '-fno-builtin-memcpy' '-fno-builtin-memset' '-fno-builtin-bzero' '-nostartfiles' '-v' '-o' 'cmTC_cdd3a' '-dumpdir' 'cmTC_cdd3a.'
 /root/.espressif/tools/xtensa-esp-elf/esp-15.1.0_20250607/xtensa-esp-elf/bin/../libexec/gcc/xtensa-esp-elf/15.1.0/collect2 -plugin /root/.espressif/tools/xtensa-esp-elf/esp-15.1.0_20250607/xtensa-esp-elf/bin/../libexec/gcc/xtensa-esp-elf/15.1.0/liblto_plugin.so -plugin-opt=/root/.espressif/tools/xtensa-esp-elf/esp-15.1.0_20250607/xtensa-esp-elf/bin/../libexec/gcc/xtensa-esp-elf/15.1.0/lto-wrapper -plugin-opt=-fresolution=/tmp/cc622zN7.res -plugin-opt=-pass-through=-lgcc -plugin-opt=-pass-through=-lc -plugin-opt=-pass-through=-lnosys -plugin-opt=-pass-through=-lc -plugin-opt=-pass-through=-lgcc --sysroot=/root/.espressif/tools/xtensa-esp-elf/esp-15.1.0_20250607/xtensa-esp-elf/bin/../xtensa-esp-elf --dynconfig=xtensa_esp32.so -o cmTC_cdd3a -L/root/.espressif/tools/xtensa-esp-elf/esp-15.1.0_20250607/xtensa-esp-elf/bin/../lib/gcc/xtensa-esp-elf/15.1.0/esp32 -L/root/.espressif/tools/xtensa-esp-elf/esp-15.1.0_20250607/xtensa-esp-elf/bin/../lib/gcc/xtensa-esp-elf/15.1.0/../../../../xtensa-esp-elf/lib/esp32 -L/root/.espressif/tools/xtensa-esp-elf/esp-15.1.0_20250607/xtensa-esp-elf/bin/../xtensa-esp-elf/lib/esp32 -L/root/.espressif/tools/xtensa-esp-elf/esp-15.1.0_20250607/xtensa-esp-elf/bin/../lib/gcc/xtensa-esp-elf/15.1.0 -L/root/.espressif/tools/xtensa-esp-elf/esp-15.1.0_20250607/xtensa-esp-elf/bin/../lib/gcc -L/root/.espressif/tools/xtensa-esp-elf/esp-15.1.0_20250607/xtensa-esp-elf/bin/../lib/gcc/xtensa-esp-elf/15.1.0/../../../../xtensa-esp-elf/lib -L/root/.espressif/tools/xtensa-esp-elf/esp-15.1.0_20250607/xtensa-esp-elf/bin/../xtensa-esp-elf/lib -L/root/.espressif/tools/xtensa-esp-elf/esp-15.1.0_20250607/xtensa-esp-elf/bin/../xtensa-esp-elf/usr/lib CMakeFiles/cmTC_cdd3a.dir/CMakeCCompilerABI.c.obj -lgcc -lc -lnosys -lc -lgcc
/root/.espressif/tools/xtensa-esp-elf/esp-15.1.0_20250607/xtensa-esp-elf/bin/../lib/gcc/xtensa-esp-elf/15.1.0/../../../../xtensa-esp-elf/bin/ld: warning: cannot find entry symbol _start; defaulting to 00400054
COLLECT_GCC_OPTIONS='-mdynconfig=xtensa_esp32.so' '-mlongcalls' '-Wno-frame-address' '-fno-builtin-memcpy' '-fno-builtin-memset' '-fno-builtin-bzero' '-nostartfiles' '-v' '-o' 'cmTC_cdd3a' '-dumpdir' 'cmTC_cdd3a.'



Parsed C implicit include dir info from above output: rv=done
  found start of include info
  found start of implicit include info
    add: [/root/.espressif/tools/xtensa-esp-elf/esp-15.1.0_20250607/xtensa-esp-elf/bin/../lib/gcc/xtensa-esp-elf/15.1.0/include]
    add: [/root/.espressif/tools/xtensa-esp-elf/esp-15.1.0_20250607/xtensa-esp-elf/bin/../lib/gcc/xtensa-esp-elf/15.1.0/include-fixed]
    add: [/root/.espressif/tools/xtensa-esp-elf/esp-15.1.0_20250607/xtensa-esp-elf/bin/../lib/gcc/xtensa-esp-elf/15.1.0/../../../../xtensa-esp-elf/include]
  end of search list found
  collapse include dir [/root/.espressif/tools/xtensa-esp-elf/esp-15.1.0_20250607/xtensa-esp-elf/bin/../lib/gcc/xtensa-esp-elf/15.1.0/include] ==> [/root/.espressif/tools/xtensa-esp-elf/esp-15.1.0_20250607/xtensa-esp-elf/lib/gcc/xtensa-esp-elf/15.1.0/include]
  collapse include dir [/root/.espressif/tools/xtensa-esp-elf/esp-15.1.0_20250607/xtensa-esp-elf/bin/../lib/gcc/xtensa-esp-elf/15.1.0/include-fixed] ==> [/root/.espressif/tools/xtensa-esp-elf/esp-15.1.0_20250607/xtensa-esp-elf/lib/gcc/xtensa-esp-elf/15.1.0/include-fixed]
  collapse include dir [/root/.espressif/tools/xtensa-esp-elf/esp-15.1.0_20250607/xtensa-esp-elf/bin/../lib/gcc/xtensa-esp-elf/15.1.0/../../../../xtensa-esp-elf/include] ==> [/root/.espressif/tools/xtensa-esp-elf/esp-15.1.0_20250607/xtensa-esp-elf/xtensa-esp-elf/include]
  implicit include dirs: [/root/.espressif/tools/xtensa-esp-elf/esp-15.1.0_20250607/xtensa-esp-elf/lib/gcc/xtensa-esp-elf/15.1.0/include;/root/.espressif/tools/xtensa-esp-elf/esp-15.1.0_20250607/xtensa-esp-elf/lib/gcc/xtensa-esp-elf/15.1.0/include-fixed;/root/.espressif/tools/xtensa-esp-elf/esp-15.1.0_20250607/xtensa-esp-elf/xtensa-esp-elf/include]


Parsed C implicit link information from above output:
  link line regex: [^( *|.*[/\])(xtensa-esp32-elf-ld|CMAKE_LINK_STARTFILE-NOTFOUND|([^/\]+-)?ld|collect2)[^/\]*( |$)]
  ignore line: [Change Dir: /root/leak_detector_liquid_level_ws/leak_detector/build/CMakeFiles/CMakeTmp]
  ignore line: []
  ignore line: [Run Build Command(s):/usr/bin/ninja cmTC_cdd3a && [1/2] Building C object CMakeFiles/cmTC_cdd3a.dir/CMakeCCompilerABI.c.obj]
  ignore line: [Using built-in specs.]
  ignore line: [COLLECT_GCC=/root/.espressif/tools/xtensa-esp-elf/esp-15.1.0_20250607/xtensa-esp-elf/bin/xtensa-esp-elf-gcc]
  ignore line: [Target: xtensa-esp-elf]
  ignore line: [Configured with: /builds/idf/crosstool-NG/.build/xtensa-esp-elf/src/gcc/configure --build=x86_64-build_pc-linux-gnu --host=aarch64-host_unknown-linux-gnu --target=xtensa-esp-elf --prefix=/builds/idf/crosstool-NG/builds/xtensa-esp-elf --exec_prefix=/builds/idf/crosstool-NG/builds/xtensa-esp-elf --with-local-prefix=/builds/idf/crosstool-NG/builds/xtensa-esp-elf/xtensa-esp-elf --with-sysroot=/builds/idf/crosstool-NG/builds/xtensa-esp-elf/xtensa-esp-elf --with-native-system-header-dir=/include --with-headers=/builds/idf/crosstool-NG/builds/xtensa-esp-elf/xtensa-esp-elf/include --with-newlib --enable-threads=no --disable-shared --with-pkgversion='crosstool-NG esp-15.1.0_20250607' --disable-__cxa_atexit --enable-cxx-flags='-ffunction-sections -fdata-sections' --disable-libgomp --disable-libmudflap --disable-libmpx --disable-libssp --disable-libquadmath --disable-libquadmath-support --disable-libstdcxx-verbose --with-gmp=/builds/idf/crosstool-NG/.build/xtensa-esp-elf/buildtools/complibs-host --with-mpfr=/builds/idf/crosstool-NG/.build/xtensa-esp-elf/buildtools/complibs-host --with-mpc=/builds/idf/crosstool-NG/.build/xtensa-esp-elf/buildtools/complibs-host --with-isl=/builds/idf/crosstool-NG/.build/xtensa-esp-elf/buildtools/complibs-host --enable-lto --enable-target-optspace --without-long-double-128 --enable-plugin --disable-nls --enable-multiarch --enable-languages=c c++ --disable-libstdcxx-verbose --enable-threads=posix --enable-libstdcxx-time=yes --disable-win32-utf8-manifest]
  ignore line: [Thread model: posix]
  ignore line: [Supported LTO compression algorithms: zlib zstd]
  ignore line: [gcc version 15.1.0 (crosstool-NG esp-15.1.0_20250607) ]
  ignore line: [COLLECT_GCC_OPTIONS='-mdynconfig=xtensa_esp32.so' '-mlongcalls' '-Wno-frame-address' '-fno-builtin-memcpy' '-fno-builtin-memset' '-fno-builtin-bzero' '-v' '-o' 'CMakeFiles/cmTC_cdd3a.dir/CMakeCCompilerABI.c.obj' '-c' '-dumpdir' 'CMakeFiles/cmTC_cdd3a.dir/']
  ignore line: [ /root/.espressif/tools/xtensa-esp-elf/esp-15.1.0_20250607/xtensa-esp-elf/bin/../libexec/gcc/xtensa-esp-elf/15.1.0/cc1 -quiet -v -imultilib esp32 -iprefix /root/.espressif/tools/xtensa-esp-elf/esp-15.1.0_20250607/xtensa-esp-elf/bin/../lib/gcc/xtensa-esp-elf/15.1.0/ -isysroot /root/.espressif/tools/xtensa-esp-elf/esp-15.1.0_20250607/xtensa-esp-elf/bin/../xtensa-esp-elf /usr/share/cmake-3.22/Modules/CMakeCCompilerABI.c -quiet -dumpdir CMakeFiles/cmTC_cdd3a.dir/ -dumpbase CMakeCCompilerABI.c.c -dumpbase-ext .c -mdynconfig=xtensa_esp32.so -mlongcalls -Wno-frame-address -version -fno-builtin-memcpy -fno-builtin-memset -fno-builtin-bzero -o /tmp/ccthVcK0.s]
  ignore line: [GNU C23 (crosstool-NG esp-15.1.0_20250607) version 15.1.0 (xtensa-esp-elf)]
  ignore line: [	compiled by GNU C version 6.3.0 20170516  GMP version 6.3.0  MPFR version 4.2.1  MPC version 1.3.1  isl version isl-0.26-GMP]
  ignore line: []
  ignore line: [GGC heuristics: --param ggc-min-expand=100 --param ggc-min-heapsize=131072]
  ignore line: [ignoring duplicate directory "/root/.espressif/tools/xtensa-esp-elf/esp-15.1.0_20250607/xtensa-esp-elf/bin/../lib/gcc/../../lib/gcc/xtensa-esp-elf/15.1.0/include"]
  ignore line: [ignoring nonexistent directory "/root/.espressif/tools/xtensa-esp-elf/esp-15.1.0_20250607/xtensa-esp-elf/bin/../xtensa-esp-elf/builds/idf/crosstool-NG/builds/xtensa-esp-elf/xtensa-esp-elf/include"]
  ignore line: [ignoring duplicate directory "/root/.espressif/tools/xtensa-esp-elf/esp-15.1.0_20250607/xtensa-esp-elf/bin/../lib/gcc/../../lib/gcc/xtensa-esp-elf/15.1.0/include-fixed"]
  ignore line: [ignoring duplicate directory "/root/.espressif/tools/xtensa-esp-elf/esp-15.1.0_20250607/xtensa-esp-elf/bin/../lib/gcc/../../lib/gcc/xtensa-esp-elf/15.1.0/../../../../xtensa-esp-elf/include"]
  ignore line: [ignoring duplicate directory "/root/.espressif/tools/xtensa-esp-elf/esp-15.1.0_20250607/xtensa-esp-elf/bin/../xtensa-esp-elf/include"]
  ignore line: [#include "..." search starts here:]
  ignore line: [#include <...> search starts here:]
  ignore line: [ /root/.espressif/tools/xtensa-esp-elf/esp-15.1.0_20250607/xtensa-esp-elf/bin/../lib/gcc/xtensa-esp-elf/15.1.0/include]
  ignore line: [ /root/.espressif/tools/xtensa-esp-elf/esp-15.1.0_20250607/xtensa-esp-elf/bin/../lib/gcc/xtensa-esp-elf/15.1.0/include-fixed]
  ignore line: [ /root/.espressif/tools/xtensa-esp-elf/esp-15.1.0_20250607/xtensa-esp-elf/bin/../lib/gcc/xtensa-esp-elf/15.1.0/../../../../xtensa-esp-elf/include]
  ignore line: [End of search list.]
  ignore line: [Compiler executable checksum: df8c7d1aab786e00d74edf9f9557c1e4]
  ignore line: [COLLECT_GCC_OPTIONS='-mdynconfig=xtensa_esp32.so' '-mlongcalls' '-Wno-frame-address' '-fno-builtin-memcpy' '-fno-builtin-memset' '-fno-builtin-bzero' '-v' '-o' 'CMakeFiles/cmTC_cdd3a.dir/CMakeCCompilerABI.c.obj' '-c' '-dumpdir' 'CMakeFiles/cmTC_cdd3a.dir/']
  ignore line: [ /root/.espressif/tools/xtensa-esp-elf/esp-15.1.0_20250607/xtensa-esp-elf/bin/../lib/gcc/xtensa-esp-elf/15.1.0/../../../../xtensa-esp-elf/bin/as --traditional-format --longcalls --dynconfig=xtensa_esp32.so -o CMakeFiles/cmTC_cdd3a.dir/CMakeCCompilerABI.c.obj /tmp/ccthVcK0.s]
  ignore line: [COMPILER_PATH=/root/.espressif/tools/xtensa-esp-elf/esp-15.1.0_20250607/xtensa-esp-elf/bin/../libexec/gcc/xtensa-esp-elf/15.1.0/:/root/.espressif/tools/xtensa-esp-elf/esp-15.1.0_20250607/xtensa-esp-elf/bin/../libexec/gcc/:/root/.espressif/tools/xtensa-esp-elf/esp-15.1.0_20250607/xtensa-esp-elf/bin/../lib/gcc/xtensa-esp-elf/15.1.0/../../../../xtensa-esp-elf/bin/]
  ignore line: [LIBRARY_PATH=/root/.espressif/tools/xtensa-esp-elf/esp-15.1.0_20250607/xtensa-esp-elf/bin/../lib/gcc/xtensa-esp-elf/15.1.0/esp32/:/root/.espressif/tools/xtensa-esp-elf/esp-15.1.0_20250607/xtensa-esp-elf/bin/../lib/gcc/xtensa-esp-elf/15.1.0/../../../../xtensa-esp-elf/lib/esp32/:/root/.espressif/tools/xtensa-esp-elf/esp-15.1.0_20250607/xtensa-esp-elf/bin/../xtensa-esp-elf/lib/esp32/:/root/.espressif/tools/xtensa-esp-elf/esp-15.1.0_20250607/xtensa-esp-elf/bin/../lib/gcc/xtensa-esp-elf/15.1.0/:/root/.espressif/tools/xtensa-esp-elf/esp-15.1.0_20250607/xtensa-esp-elf/bin/../lib/gcc/:/root/.espressif/tools/xtensa-esp-elf/esp-15.1.0_20250607/xtensa-esp-elf/bin/../lib/gcc/xtensa-esp-elf/15.1.0/../../../../xtensa-esp-elf/lib/:/root/.espressif/tools/xtensa-esp-elf/esp-15.1.0_20250607/xtensa-esp-elf/bin/../xtensa-esp-elf/lib/:/root/.espressif/tools/xtensa-esp-elf/esp-15.1.0_20250607/xtensa-esp-elf/bin/../xtensa-esp-elf/usr/lib/]
  ignore line: [COLLECT_GCC_OPTIONS='-mdynconfig=xtensa_esp32.so' '-mlongcalls' '-Wno-frame-address' '-fno-builtin-memcpy' '-fno-builtin-memset' '-fno-builtin-bzero' '-v' '-o' 'CMakeFiles/cmTC_cdd3a.dir/CMakeCCompilerABI.c.obj' '-c' '-dumpdir' 'CMakeFiles/cmTC_cdd3a.dir/CMakeCCompilerABI.c.']
  ignore line: [[2/2] Linking C executable cmTC_cdd3a]
  ignore line: [Using built-in specs.]
  ignore line: [COLLECT_GCC=/root/.espressif/tools/xtensa-esp-elf/esp-15.1.0_20250607/xtensa-esp-elf/bin/xtensa-esp-elf-gcc]
  ignore line: [COLLECT_LTO_WRAPPER=/root/.espressif/tools/xtensa-esp-elf/esp-15.1.0_20250607/xtensa-esp-elf/bin/../libexec/gcc/xtensa-esp-elf/15.1.0/lto-wrapper]
  ignore line: [Target: xtensa-esp-elf]
  ignore line: [Configured with: /builds/idf/crosstool-NG/.build/xtensa-esp-elf/src/gcc/configure --build=x86_64-build_pc-linux-gnu --host=aarch64-host_unknown-linux-gnu --target=xtensa-esp-elf --prefix=/builds/idf/crosstool-NG/builds/xtensa-esp-elf --exec_prefix=/builds/idf/crosstool-NG/builds/xtensa-esp-elf --with-local-prefix=/builds/idf/crosstool-NG/builds/xtensa-esp-elf/xtensa-esp-elf --with-sysroot=/builds/idf/crosstool-NG/builds/xtensa-esp-elf/xtensa-esp-elf --with-native-system-header-dir=/include --with-headers=/builds/idf/crosstool-NG/builds/xtensa-esp-elf/xtensa-esp-elf/include --with-newlib --enable-threads=no --disable-shared --with-pkgversion='crosstool-NG esp-15.1.0_20250607' --disable-__cxa_atexit --enable-cxx-flags='-ffunction-sections -fdata-sections' --disable-libgomp --disable-libmudflap --disable-libmpx --disable-libssp --disable-libquadmath --disable-libquadmath-support --disable-libstdcxx-verbose --with-gmp=/builds/idf/crosstool-NG/.build/xtensa-esp-elf/buildtools/complibs-host --with-mpfr=/builds/idf/crosstool-NG/.build/xtensa-esp-elf/buildtools/complibs-host --with-mpc=/builds/idf/crosstool-NG/.build/xtensa-esp-elf/buildtools/complibs-host --with-isl=/builds/idf/crosstool-NG/.build/xtensa-esp-elf/buildtools/complibs-host --enable-lto --enable-target-optspace --without-long-double-128 --enable-plugin --disable-nls --enable-multiarch --enable-languages=c c++ --disable-libstdcxx-verbose --enable-threads=posix --enable-libstdcxx-time=yes --disable-win32-utf8-manifest]
  ignore line: [Thread model: posix]
  ignore line: [Supported LTO compression algorithms: zlib zstd]
  ignore line: [gcc version 15.1.0 (crosstool-NG esp-15.1.0_20250607) ]
  ignore line: [COMPILER_PATH=/root/.espressif/tools/xtensa-esp-elf/esp-15.1.0_20250607/xtensa-esp-elf/bin/../libexec/gcc/xtensa-esp-elf/15.1.0/:/root/.espressif/tools/xtensa-esp-elf/esp-15.1.0_20250607/xtensa-esp-elf/bin/../libexec/gcc/:/root/.espressif/tools/xtensa-esp-elf/esp-15.1.0_20250607/xtensa-esp-elf/bin/../lib/gcc/xtensa-esp-elf/15.1.0/../../../../xtensa-esp-elf/bin/]
  ignore line: [LIBRARY_PATH=/root/.espressif/tools/xtensa-esp-elf/esp-15.1.0_20250607/xtensa-esp-elf/bin/../lib/gcc/xtensa-esp-elf/15.1.0/esp32/:/root/.espressif/tools/xtensa-esp-elf/esp-15.1.0_20250607/xtensa-esp-elf/bin/../lib/gcc/xtensa-esp-elf/15.1.0/../../../../xtensa-esp-elf/lib/esp32/:/root/.espressif/tools/xtensa-esp-elf/esp-15.1.0_20250607/xtensa-esp-elf/bin/../xtensa-esp-elf/lib/esp32/:/root/.espressif/tools/xtensa-esp-elf/esp-15.1.0_20250607/xtensa-esp-elf/bin/../lib/gcc/xtensa-esp-elf/15.1.0/:/root/.espressif/tools/xtensa-esp-elf/esp-15.1.0_20250607/xtensa-esp-elf/bin/../lib/gcc/:/root/.espressif/tools/xtensa-esp-elf/esp-15.1.0_20250607/xtensa-esp-elf/bin/../lib/gcc/xtensa-esp-elf/15.1.0/../../../../xtensa-esp-elf/lib/:/root/.espressif/tools/xtensa-esp-elf/esp-15.1.0_20250607/xtensa-esp-elf/bin/../xtensa-esp-elf/lib/:/root/.espressif/tools/xtensa-esp-elf/esp-15.1.0_20250607/xtensa-esp-elf/bin/../xtensa-esp-elf/usr/lib/]
  ignore line: [COLLECT_GCC_OPTIONS='-mdynconfig=xtensa_esp32.so' '-mlongcalls' '-Wno-frame-address' '-fno-builtin-memcpy' '-fno-builtin-memset' '-fno-builtin-bzero' '-nostartfiles' '-v' '-o' 'cmTC_cdd3a' '-dumpdir' 'cmTC_cdd3a.']
  link line: [ /root/.espressif/tools/xtensa-esp-elf/esp-15.1.0_20250607/xtensa-esp-elf/bin/../libexec/gcc/xtensa-esp-elf/15.1.0/collect2 -plugin /root/.espressif/tools/xtensa-esp-elf/esp-15.1.0_20250607/xtensa-esp-elf/bin/../libexec/gcc/xtensa-esp-elf/15.1.0/liblto_plugin.so -plugin-opt=/root/.espressif/tools/xtensa-esp-elf/esp-15.1.0_20250607/xtensa-esp-elf/bin/../libexec/gcc/xtensa-esp-elf/15.1.0/lto-wrapper -plugin-opt=-fresolution=/tmp/cc622zN7.res -plugin-opt=-pass-through=-lgcc -plugin-opt=-pass-through=-lc -plugin-opt=-pass-through=-lnosys -plugin-opt=-pass-through=-lc -plugin-opt=-pass-through=-lgcc --sysroot=/root/.espressif/tools/xtensa-esp-elf/esp-15.1.0_20250607/xtensa-esp-elf/bin/../xtensa-esp-elf --dynconfig=xtensa_esp32.so -o cmTC_cdd3a -L/root/.espressif/tools/xtensa-esp-elf/esp-15.1.0_20250607/xtensa-esp-elf/bin/../lib/gcc/xtensa-esp-elf/15.1.0/esp32 -L/root/.espressif/tools/xtensa-esp-elf/esp-15.1.0_20250607/xtensa-esp-elf/bin/../lib/gcc/xtensa-esp-elf/15.1.0/../../../../xtensa-esp-elf/lib/esp32 -L/root/.espressif/tools/xtensa-esp-elf/esp-15.1.0_20250607/xtensa-esp-elf/bin/../xtensa-esp-elf/lib/esp32 -L/root/.espressif/tools/xtensa-esp-elf/esp-15.1.0_20250607/xtensa-esp-elf/bin/../lib/gcc/xtensa-esp-elf/15.1.0 -L/root/.espressif/tools/xtensa-esp-elf/esp-15.1.0_20250607/xtensa-esp-elf/bin/../lib/gcc -L/root/.espressif/tools/xtensa-esp-elf/esp-15.1.0_20250607/xtensa-esp-elf/bin/../lib/gcc/xtensa-esp-elf/15.1.0/../../../../xtensa-esp-elf/lib -L/root/.espressif/tools/xtensa-esp-elf/esp-15.1.0_20250607/xtensa-esp-elf/bin/../xtensa-esp-elf/lib -L/root/.espressif/tools/xtensa-esp-elf/esp-15.1.0_20250607/xtensa-esp-elf/bin/../xtensa-esp-elf/usr/lib CMakeFiles/cmTC_cdd3a.dir/CMakeCCompilerABI.c.obj -lgcc -lc -lnosys -lc -lgcc]
    arg [/root/.espressif/tools/xtensa-esp-elf/esp-15.1.0_20250607/xtensa-esp-elf/bin/../libexec/gcc/xtensa-esp-elf/15.1.0/collect2] ==> ignore
    arg [-plugin] ==> ignore
    arg [/root/.espressif/tools/xtensa-esp-elf/esp-15.1.0_20250607/xtensa-esp-elf/bin/../libexec/gcc/xtensa-esp-elf/15.1.0/liblto_plugin.so] ==> ignore
    arg [-plugin-opt=/root/.espressif/tools/xtensa-esp-elf/esp-15.1.0_20250607/xtensa-esp-elf/bin/../libexec/gcc/xtensa-esp-elf/15.1.0/lto-wrapper] ==> ignore
    arg [-plugin-opt=-fresolution=/tmp/cc622zN7.res] ==> ignore
    arg [-plugin-opt=-pass-through=-lgcc] ==> ignore
    arg [-plugin-opt=-pass-through=-lc] ==> ignore
    arg [-plugin-opt=-pass-through=-lnosys] ==> ignore
    arg [-plugin-opt=-pass-through=-lc] ==> ignore
    arg [-plugin-opt=-pass-through=-lgcc] ==> ignore
    arg [--sysroot=/root/.espressif/tools/xtensa-esp-elf/esp-15.1.0_20250607/xtensa-esp-elf/bin/../xtensa-esp-elf] ==> ignore
    arg [--dynconfig=xtensa_esp32.so] ==> ignore
    arg [-o] ==> ignore
    arg [cmTC_cdd3a] ==> ignore
    arg [-L/root/.espressif/tools/xtensa-esp-elf/esp-15.1.0_20250607/xtensa-esp-elf/bin/../lib/gcc/xtensa-esp-elf/15.1.0/esp32] ==> dir [/root/.espressif/tools/xtensa-esp-elf/esp-15.1.0_20250607/xtensa-esp-elf/bin/../lib/gcc/xtensa-esp-elf/15.1.0/esp32]
    arg [-L/root/.espressif/tools/xtensa-esp-elf/esp-15.1.0_20250607/xtensa-esp-elf/bin/../lib/gcc/xtensa-esp-elf/15.1.0/../../../../xtensa-esp-elf/lib/esp32] ==> dir [/root/.espressif/tools/xtensa-esp-elf/esp-15.1.0_20250607/xtensa-esp-elf/bin/../lib/gcc/xtensa-esp-elf/15.1.0/../../../../xtensa-esp-elf/lib/esp32]
    arg [-L/root/.espressif/tools/xtensa-esp-elf/esp-15.1.0_20250607/xtensa-esp-elf/bin/../xtensa-esp-elf/lib/esp32] ==> dir [/root/.espressif/tools/xtensa-esp-elf/esp-15.1.0_20250607/xtensa-esp-elf/bin/../xtensa-esp-elf/lib/esp32]
    arg [-L/root/.espressif/tools/xtensa-esp-elf/esp-15.1.0_20250607/xtensa-esp-elf/bin/../lib/gcc/xtensa-esp-elf/15.1.0] ==> dir [/root/.espressif/tools/xtensa-esp-elf/esp-15.1.0_20250607/xtensa-esp-elf/bin/../lib/gcc/xtensa-esp-elf/15.1.0]
    arg [-L/root/.espressif/tools/xtensa-esp-elf/esp-15.1.0_20250607/xtensa-esp-elf/bin/../lib/gcc] ==> dir [/root/.espressif/tools/xtensa-esp-elf/esp-15.1.0_20250607/xtensa-esp-elf/bin/../lib/gcc]
    arg [-L/root/.espressif/tools/xtensa-esp-elf/esp-15.1.0_20250607/xtensa-esp-elf/bin/../lib/gcc/xtensa-esp-elf/15.1.0/../../../../xtensa-esp-elf/lib] ==> dir [/root/.espressif/tools/xtensa-esp-elf/esp-15.1.0_20250607/xtensa-esp-elf/bin/../lib/gcc/xtensa-esp-elf/15.1.0/../../../../xtensa-esp-elf/lib]
    arg [-L/root/.espressif/tools/xtensa-esp-elf/esp-15.1.0_20250607/xtensa-esp-elf/bin/../xtensa-esp-elf/lib] ==> dir [/root/.espressif/tools/xtensa-esp-elf/esp-15.1.0_20250607/xtensa-esp-elf/bin/../xtensa-esp-elf/lib]
    arg [-L/root/.espressif/tools/xtensa-esp-elf/esp-15.1.0_20250607/xtensa-esp-elf/bin/../xtensa-esp-elf/usr/lib] ==> dir [/root/.espressif/tools/xtensa-esp-elf/esp-15.1.0_20250607/xtensa-esp-elf/bin/../xtensa-esp-elf/usr/lib]
    arg [CMakeFiles/cmTC_cdd3a.dir/CMakeCCompilerABI.c.obj] ==> ignore
    arg [-lgcc] ==> lib [gcc]
    arg [-lc] ==> lib [c]
    arg [-lnosys] ==> lib [nosys]
    arg [-lc] ==> lib [c]
    arg [-lgcc] ==> lib [gcc]
  collapse library dir [/root/.espressif/tools/xtensa-esp-elf/esp-15.1.0_20250607/xtensa-esp-elf/bin/../lib/gcc/xtensa-esp-elf/15.1.0/esp32] ==> [/root/.espressif/tools/xtensa-esp-elf/esp-15.1.0_20250607/xtensa-esp-elf/lib/gcc/xtensa-esp-elf/15.1.0/esp32]
  collapse library dir [/root/.espressif/tools/xtensa-esp-elf/esp-15.1.0_20250607/xtensa-esp-elf/bin/../lib/gcc/xtensa-esp-elf/15.1.0/../../../../xtensa-esp-elf/lib/esp32] ==> [/root/.espressif/tools/xtensa-esp-elf/esp-15.1.0_20250607/xtensa-esp-elf/xtensa-esp-elf/lib/esp32]
  collapse library dir [/root/.espressif/tools/xtensa-esp-elf/esp-15.1.0_20250607/xtensa-esp-elf/bin/../xtensa-esp-elf/lib/esp32] ==> [/root/.espressif/tools/xtensa-esp-elf/esp-15.1.0_20250607/xtensa-esp-elf/xtensa-esp-elf/lib/esp32]
  collapse library dir [/root/.espressif/tools/xtensa-esp-elf/esp-15.1.0_20250607/xtensa-esp-elf/bin/../lib/gcc/xtensa-esp-elf/15.1.0] ==> [/root/.espressif/tools/xtensa-esp-elf/esp-15.1.0_20250607/xtensa-esp-elf/lib/gcc/xtensa-esp-elf/15.1.0]
  collapse library dir [/root/.espressif/tools/xtensa-esp-elf/esp-15.1.0_20250607/xtensa-esp-elf/bin/../lib/gcc] ==> [/root/.espressif/tools/xtensa-esp-elf/esp-15.1.0_20250607/xtensa-esp-elf/lib/gcc]
  collapse library dir [/root/.espressif/tools/xtensa-esp-elf/esp-15.1.0_20250607/xtensa-esp-elf/bin/../lib/gcc/xtensa-esp-elf/15.1.0/../../../../xtensa-esp-elf/lib] ==> [/root/.espressif/tools/xtensa-esp-elf/esp-15.1.0_20250607/xtensa-esp-elf/xtensa-esp-elf/lib]
  collapse library dir [/root/.espressif/tools/xtensa-esp-elf/esp-15.1.0_20250607/xtensa-esp-elf/bin/../xtensa-esp-elf/lib] ==> [/root/.espressif/tools/xtensa-esp-elf/esp-15.1.0_20250607/xtensa-esp-elf/xtensa-esp-elf/lib]
  collapse library dir [/root/.espressif/tools/xtensa-esp-elf/esp-15.1.0_20250607/xtensa-esp-elf/bin/../xtensa-esp-elf/usr/lib] ==> [/root/.espressif/tools/xtensa-esp-elf/esp-15.1.0_20250607/xtensa-esp-elf/xtensa-esp-elf/usr/lib]
  implicit libs: [gcc;c;nosys;c;gcc]
  implicit objs: []
  implicit dirs: [/root/.espressif/tools/xtensa-esp-elf/esp-15.1.0_20250607/xtensa-esp-elf/lib/gcc/xtensa-esp-elf/15.1.0/esp32;/root/.espressif/tools/xtensa-esp-elf/esp-15.1.0_20250607/xtensa-esp-elf/xtensa-esp-elf/lib/esp32;/root/.espressif/tools/xtensa-esp-elf/esp-15.1.0_20250607/xtensa-esp-elf/lib/gcc/xtensa-esp-elf/15.1.0;/root/.espressif/tools/xtensa-esp-elf/esp-15.1.0_20250607/xtensa-esp-elf/lib/gcc;/root/.espressif/tools/xtensa-esp-elf/esp-15.1.0_20250607/xtensa-esp-elf/xtensa-esp-elf/lib;/root/.espressif/tools/xtensa-esp-elf/esp-15.1.0_20250607/xtensa-esp-elf/xtensa-esp-elf/usr/lib]
  implicit fwks: []


Detecting CXX compiler ABI info compiled with the following output:
Change Dir: /root/leak_detector_liquid_level_ws/leak_detector/build/CMakeFiles/CMakeTmp

Run Build Command(s):/usr/bin/ninja cmTC_fc86b && [1/2] Building CXX object CMakeFiles/cmTC_fc86b.dir/CMakeCXXCompilerABI.cpp.obj
Using built-in specs.
COLLECT_GCC=/root/.espressif/tools/xtensa-esp-elf/esp-15.1.0_20250607/xtensa-esp-elf/bin/xtensa-esp-elf-g++
Target: xtensa-esp-elf
Configured with: /builds/idf/crosstool-NG/.build/xtensa-esp-elf/src/gcc/configure --build=x86_64-build_pc-linux-gnu --host=aarch64-host_unknown-linux-gnu --target=xtensa-esp-elf --prefix=/builds/idf/crosstool-NG/builds/xtensa-esp-elf --exec_prefix=/builds/idf/crosstool-NG/builds/xtensa-esp-elf --with-local-prefix=/builds/idf/crosstool-NG/builds/xtensa-esp-elf/xtensa-esp-elf --with-sysroot=/builds/idf/crosstool-NG/builds/xtensa-esp-elf/xtensa-esp-elf --with-native-system-header-dir=/include --with-headers=/builds/idf/crosstool-NG/builds/xtensa-esp-elf/xtensa-esp-elf/include --with-newlib --enable-threads=no --disable-shared --with-pkgversion='crosstool-NG esp-15.1.0_20250607' --disable-__cxa_atexit --enable-cxx-flags='-ffunction-sections -fdata-sections' --disable-libgomp --disable-libmudflap --disable-libmpx --disable-libssp --disable-libquadmath --disable-libquadmath-support --disable-libstdcxx-verbose --with-gmp=/builds/idf/crosstool-NG/.build/xtensa-esp-elf/buildtools/complibs-host --with-mpfr=/builds/idf/crosstool-NG/.build/xtensa-esp-elf/buildtools/complibs-host --with-mpc=/builds/idf/crosstool-NG/.build/xtensa-esp-elf/buildtools/complibs-host --with-isl=/builds/idf/crosstool-NG/.build/xtensa-esp-elf/buildtools/complibs-host --enable-lto --enable-target-optspace --without-long-double-128 --enable-plugin --disable-nls --enable-multiarch --enable-languages=c,c++ --disable-libstdcxx-verbose --enable-threads=posix --enable-libstdcxx-time=yes --disable-win32-utf8-manifest
Thread model: posix
Supported LTO compression algorithms: zlib zstd
gcc version 15.1.0 (crosstool-NG esp-15.1.0_20250607) 
COLLECT_GCC_OPTIONS='-mdynconfig=xtensa_esp32.so' '-mlongcalls' '-Wno-frame-address' '-fno-builtin-memcpy' '-fno-builtin-memset' '-fno-builtin-bzero' '-v' '-o' 'CMakeFiles/cmTC_fc86b.dir/CMakeCXXCompilerABI.cpp.obj' '-c' '-dumpdir' 'CMakeFiles/cmTC_fc86b.dir/'
 /root/.espressif/tools/xtensa-esp-elf/esp-15.1.0_20250607/xtensa-esp-elf/bin/../libexec/gcc/xtensa-esp-elf/15.1.0/cc1plus -quiet -v -imultilib esp32 -iprefix /root/.espressif/tools/xtensa-esp-elf/esp-15.1.0_20250607/xtensa-esp-elf/bin/../lib/gcc/xtensa-esp-elf/15.1.0/ -isysroot /root/.espressif/tools/xtensa-esp-elf/esp-15.1.0_20250607/xtensa-esp-elf/bin/../xtensa-esp-elf /usr/share/cmake-3.22/Modules/CMakeCXXCompilerABI.cpp -quiet -dumpdir CMakeFiles/cmTC_fc86b.dir/ -dumpbase CMakeCXXCompilerABI.cpp.cpp -dumpbase-ext .cpp -mdynconfig=xtensa_esp32.so -mlongcalls -Wno-frame-address -version -fno-builtin-memcpy -fno-builtin-memset -fno-builtin-bzero -o /tmp/ccCdulI0.s
GNU C++17 (crosstool-NG esp-15.1.0_20250607) version 15.1.0 (xtensa-esp-elf)
	compiled by GNU C version 6.3.0 20170516, GMP version 6.3.0, MPFR version 4.2.1, MPC version 1.3.1, isl version isl-0.26-GMP

GGC heuristics: --param ggc-min-expand=100 --param ggc-min-heapsize=131072
ignoring duplicate directory "/root/.espressif/tools/xtensa-esp-elf/esp-15.1.0_20250607/xtensa-esp-elf/bin/../lib/gcc/../../lib/gcc/xtensa-esp-elf/15.1.0/../../../../xtensa-esp-elf/include/c++/15.1.0"
ignoring duplicate directory "/root/.espressif/tools/xtensa-esp-elf/esp-15.1.0_20250607/xtensa-esp-elf/bin/../lib/gcc/../../lib/gcc/xtensa-esp-elf/15.1.0/../../../../xtensa-esp-elf/include/c++/15.1.0/xtensa-esp-elf/esp32"
ignoring duplicate directory "/root/.espressif/tools/xtensa-esp-elf/esp-15.1.0_20250607/xtensa-esp-elf/bin/../lib/gcc/../../lib/gcc/xtensa-esp-elf/15.1.0/../../../../xtensa-esp-elf/include/c++/15.1.0/backward"
ignoring duplicate directory "/root/.espressif/tools/xtensa-esp-elf/esp-15.1.0_20250607/xtensa-esp-elf/bin/../lib/gcc/../../lib/gcc/xtensa-esp-elf/15.1.0/include"
ignoring nonexistent directory "/root/.espressif/tools/xtensa-esp-elf/esp-15.1.0_20250607/xtensa-esp-elf/bin/../xtensa-esp-elf/builds/idf/crosstool-NG/builds/xtensa-esp-elf/xtensa-esp-elf/include"
ignoring duplicate directory "/root/.espressif/tools/xtensa-esp-elf/esp-15.1.0_20250607/xtensa-esp-elf/bin/../lib/gcc/../../lib/gcc/xtensa-esp-elf/15.1.0/include-fixed"
ignoring duplicate directory "/root/.espressif/tools/xtensa-esp-elf/esp-15.1.0_20250607/xtensa-esp-elf/bin/../lib/gcc/../../lib/gcc/xtensa-esp-elf/15.1.0/../../../../xtensa-esp-elf/include"
ignoring duplicate directory "/root/.espressif/tools/xtensa-esp-elf/esp-15.1.0_20250607/xtensa-esp-elf/bin/../xtensa-esp-elf/include"
#include "..." search starts here:
#include <...> search starts here:
 /root/.espressif/tools/xtensa-esp-elf/esp-15.1.0_20250607/xtensa-esp-elf/bin/../lib/gcc/xtensa-esp-elf/15.1.0/../../../../xtensa-esp-elf/include/c++/15.1.0
 /root/.espressif/tools/xtensa-esp-elf/esp-15.1.0_20250607/xtensa-esp-elf/bin/../lib/gcc/xtensa-esp-elf/15.1.0/../../../../xtensa-esp-elf/include/c++/15.1.0/xtensa-esp-elf/esp32
 /root/.espressif/tools/xtensa-esp-elf/esp-15.1.0_20250607/xtensa-esp-elf/bin/../lib/gcc/xtensa-esp-elf/15.1.0/../../../../xtensa-esp-elf/include/c++/15.1.0/backward
 /root/.espressif/tools/xtensa-esp-elf/esp-15.1.0_20250607/xtensa-esp-elf/bin/../lib/gcc/xtensa-esp-elf/15.1.0/include
 /root/.espressif/tools/xtensa-esp-elf/esp-15.1.0_20250607/xtensa-esp-elf/bin/../lib/gcc/xtensa-esp-elf/15.1.0/include-fixed
 /root/.espressif/tools/xtensa-esp-elf/esp-15.1.0_20250607/xtensa-esp-elf/bin/../lib/gcc/xtensa-esp-elf/15.1.0/../../../../xtensa-esp-elf/include
End of search list.
Compiler executable checksum: bdd4b82f397b0833cdb669157a23631a
COLLECT_GCC_OPTIONS='-mdynconfig=xtensa_esp32.so' '-mlongcalls' '-Wno-frame-address' '-fno-builtin-memcpy' '-fno-builtin-memset' '-fno-builtin-bzero' '-v' '-o' 'CMakeFiles/cmTC_fc86b.dir/CMakeCXXCompilerABI.cpp.obj' '-c' '-dumpdir' 'CMakeFiles/cmTC_fc86b.dir/'
 /root/.espressif/tools/xtensa-esp-elf/esp-15.1.0_20250607/xtensa-esp-elf/bin/../lib/gcc/xtensa-esp-elf/15.1.0/../../../../xtensa-esp-elf/bin/as --traditional-format --longcalls --dynconfig=xtensa_esp32.so -o CMakeFiles/cmTC_fc86b.dir/CMakeCXXCompilerABI.cpp.obj /tmp/ccCdulI0.s
COMPILER_PATH=/root/.espressif/tools/xtensa-esp-elf/esp-15.1.0_20250607/xtensa-esp-elf/bin/../libexec/gcc/xtensa-esp-elf/15.1.0/:/root/.espressif/tools/xtensa-esp-elf/esp-15.1.0_20250607/xtensa-esp-elf/bin/../libexec/gcc/:/root/.espressif/tools/xtensa-esp-elf/esp-15.1.0_20250607/xtensa-esp-elf/bin/../lib/gcc/xtensa-esp-elf/15.1.0/../../../../xtensa-esp-elf/bin/
LIBRARY_PATH=/root/.espressif/tools/xtensa-esp-elf/esp-15.1.0_20250607/xtensa-esp-elf/bin/../lib/gcc/xtensa-esp-elf/15.1.0/esp32/:/root/.espressif/tools/xtensa-esp-elf/esp-15.1.0_20250607/xtensa-esp-elf/bin/../lib/gcc/xtensa-esp-elf/15.1.0/../../../../xtensa-esp-elf/lib/esp32/:/root/.espressif/tools/xtensa-esp-elf/esp-15.1.0_20250607/xtensa-esp-elf/bin/../xtensa-esp-elf/lib/esp32/:/root/.espressif/tools/xtensa-esp-elf/esp-15.1.0_20250607/xtensa-esp-elf/bin/../lib/gcc/xtensa-esp-elf/15.1.0/:/root/.espressif/tools/xtensa-esp-elf/esp-15.1.0_20250607/xtensa-esp-elf/bin/../lib/gcc/:/root/.espressif/tools/xtensa-esp-elf/esp-15.1.0_20250607/xtensa-esp-elf/bin/../lib/gcc/xtensa-esp-elf/15.1.0/../../../../xtensa-esp-elf/lib/:/root/.espressif/tools/xtensa-esp-elf/esp-15.1.0_20250607/xtensa-esp-elf/bin/../xtensa-esp-elf/lib/:/root/.espressif/tools/xtensa-esp-elf/esp-15.1.0_20250607/xtensa-esp-elf/bin/../xtensa-esp-elf/usr/lib/
COLLECT_GCC_OPTIONS='-mdynconfig=xtensa_esp32.so' '-mlongcalls' '-Wno-frame-address' '-fno-builtin-memcpy' '-fno-builtin-memset' '-fno-builtin-bzero' '-v' '-o' 'CMakeFiles/cmTC_fc86b.dir/CMakeCXXCompilerABI.cpp.obj' '-c' '-dumpdir' 'CMakeFiles/cmTC_fc86b.dir/CMakeCXXCompilerABI.cpp.'
[2/2] Linking CXX executable cmTC_fc86b
Using built-in specs.
COLLECT_GCC=/root/.espressif/tools/xtensa-esp-elf/esp-15.1.0_20250607/xtensa-esp-elf/bin/xtensa-esp-elf-g++
COLLECT_LTO_WRAPPER=/root/.espressif/tools/xtensa-esp-elf/esp-15.1.0_20250607/xtensa-esp-elf/bin/../libexec/gcc/xtensa-esp-elf/15.1.0/lto-wrapper
Target: xtensa-esp-elf
Configured with: /builds/idf/crosstool-NG/.build/xtensa-esp-elf/src/gcc/configure --build=x86_64-build_pc-linux-gnu --host=aarch64-host_unknown-linux-gnu --target=xtensa-esp-elf --prefix=/builds/idf/crosstool-NG/builds/xtensa-esp-elf --exec_prefix=/builds/idf/crosstool-NG/builds/xtensa-esp-elf --with-local-prefix=/builds/idf/crosstool-NG/builds/xtensa-esp-elf/xtensa-esp-elf --with-sysroot=/builds/idf/crosstool-NG/builds/xtensa-esp-elf/xtensa-esp-elf --with-native-system-header-dir=/include --with-headers=/builds/idf/crosstool-NG/builds/xtensa-esp-elf/xtensa-esp-elf/include --with-newlib --enable-threads=no --disable-shared --with-pkgversion='crosstool-NG esp-15.1.0_20250607' --disable-__cxa_atexit --enable-cxx-flags='-ffunction-sections -fdata-sections' --disable-libgomp --disable-libmudflap --disable-libmpx --disable-libssp --disable-libquadmath --disable-libquadmath-support --disable-libstdcxx-verbose --with-gmp=/builds/idf/crosstool-NG/.build/xtensa-esp-elf/buildtools/complibs-host --with-mpfr=/builds/idf/crosstool-NG/.build/xtensa-esp-elf/buildtools/complibs-host --with-mpc=/builds/idf/crosstool-NG/.build/xtensa-esp-elf/buildtools/complibs-host --with-isl=/builds/idf/crosstool-NG/.build/xtensa-esp-elf/buildtools/complibs-host --enable-lto --enable-target-optspace --without-long-double-128 --enable-plugin --disable-nls --enable-multiarch --enable-languages=c,c++ --disable-libstdcxx-verbose --enable-threads=posix --enable-libstdcxx-time=yes --disable-win32-utf8-manifest
Thread model: posix
Supported LTO compression algorithms: zlib zstd
gcc version 15.1.0 (crosstool-NG esp-15.1.0_20250607) 
COMPILER_PATH=/root/.espressif/tools/xtensa-esp-elf/esp-15.1.0_20250607/xtensa-esp-elf/bin/../libexec/gcc/xtensa-esp-elf/15.1.0/:/root/.espressif/tools/xtensa-esp-elf/esp-15.1.0_20250607/xtensa-esp-elf/bin/../libexec/gcc/:/root/.espressif/tools/xtensa-esp-elf/esp-15.1.0_20250607/xtensa-esp-elf/bin/../lib/gcc/xtensa-esp-elf/15.1.0/../../../../xtensa-esp-elf/bin/
LIBRARY_PATH=/root/.espressif/tools/xtensa-esp-elf/esp-15.1.0_20250607/xtensa-esp-elf/bin/../lib/gcc/xtensa-esp-elf/15.1.0/esp32/:/root/.espressif/tools/xtensa-esp-elf/esp-15.1.0_20250607/xtensa-esp-elf/bin/../lib/gcc/xtensa-esp-elf/15.1.0/../../../../xtensa-esp-elf/lib/esp32/:/root/.espressif/tools/xtensa-esp-elf/esp-15.1.0_20250607/xtensa-esp-elf/bin/../xtensa-esp-elf/lib/esp32/:/root/.espressif/tools/xtensa-esp-elf/esp-15.1.0_20250607/xtensa-esp-elf/bin/../lib/gcc/xtensa-esp-elf/15.1.0/:/root/.espressif/tools/xtensa-esp-elf/esp-15.1.0_20250607/xtensa-esp-elf/bin/../lib/gcc/:/root/.espressif/tools/xtensa-esp-elf/esp-15.1.0_20250607/xtensa-esp-elf/bin/../lib/gcc/xtensa-esp-elf/15.1.0/../../../../xtensa-esp-elf/lib/:/root/.espressif/tools/xtensa-esp-elf/esp-15.1.0_20250607/xtensa-esp-elf/bin/../xtensa-esp-elf/lib/:/root/.espressif/tools/xtensa-esp-elf/esp-15.1.0_20250607/xtensa-esp-elf/bin/../xtensa-esp-elf/usr/lib/
COLLECT_GCC_OPTIONS='-mdynconfig=xtensa_esp32.so' '-mlongcalls' '-Wno-frame-address' '-fno-builtin-memcpy' '-fno-builtin-memset' '-fno-builtin-bzero' '-nostartfiles' '-v' '-o' 'cmTC_fc86b' '-dumpdir' 'cmTC_fc86b.'
 /root/.espressif/tools/xtensa-esp-elf/esp-15.1.0_20250607/xtensa-esp-elf/bin/../libexec/gcc/xtensa-esp-elf/15.1.0/collect2 -plugin /root/.espressif/tools/xtensa-esp-elf/esp-15.1.0_20250607/xtensa-esp-elf/bin/../libexec/gcc/xtensa-esp-elf/15.1.0/liblto_plugin.so -plugin-opt=/root/.espressif/tools/xtensa-esp-elf/esp-15.1.0_20250607/xtensa-esp-elf/bin/../libexec/gcc/xtensa-esp-elf/15.1.0/lto-wrapper -plugin-opt=-fresolution=/tmp/cc0IVkIk.res -plugin-opt=-pass-through=-lgcc -plugin-opt=-pass-through=-lc -plugin-opt=-pass-through=-lnosys -plugin-opt=-pass-through=-lc -plugin-opt=-pass-through=-lgcc --sysroot=/root/.espressif/tools/xtensa-esp-elf/esp-15.1.0_20250607/xtensa-esp-elf/bin/../xtensa-esp-elf --dynconfig=xtensa_esp32.so -o cmTC_fc86b -L/root/.espressif/tools/xtensa-esp-elf/esp-15.1.0_20250607/xtensa-esp-elf/bin/../lib/gcc/xtensa-esp-elf/15.1.0/esp32 -L/root/.espressif/tools/xtensa-esp-elf/esp-15.1.0_20250607/xtensa-esp-elf/bin/../lib/gcc/xtensa-esp-elf/15.1.0/../../../../xtensa-esp-elf/lib/esp32 -L/root/.espressif/tools/xtensa-esp-elf/esp-15.1.0_20250607/xtensa-esp-elf/bin/../xtensa-esp-elf/lib/esp32 -L/root/.espressif/tools/xtensa-esp-elf/esp-15.1.0_20250607/xtensa-esp-elf/bin/../lib/gcc/xtensa-esp-elf/15.1.0 -L/root/.espressif/tools/xtensa-esp-elf/esp-15.1.0_20250607/xtensa-esp-elf/bin/../lib/gcc -L/root/.espressif/tools/xtensa-esp-elf/esp-15.1.0_20250607/xtensa-esp-elf/bin/../lib/gcc/xtensa-esp-elf/15.1.0/../../../../xtensa-esp-elf/lib -L/root/.espressif/tools/xtensa-esp-elf/esp-15.1.0_20250607/xtensa-esp-elf/bin/../xtensa-esp-elf/lib -L/root/.espressif/tools/xtensa-esp-elf/esp-15.1.0_20250607/xtensa-esp-elf/bin/../xtensa-esp-elf/usr/lib CMakeFiles/cmTC_fc86b.dir/CMakeCXXCompilerABI.cpp.obj -lstdc++ -lm -lgcc -lc -lnosys -lc -lgcc
/root/.espressif/tools/xtensa-esp-elf/esp-15.1.0_20250607/xtensa-esp-elf/bin/../lib/gcc/xtensa-esp-elf/15.1.0/../../../../xtensa-esp-elf/bin/ld: warning: cannot find entry symbol _start; defaulting to 00400054
COLLECT_GCC_OPTIONS='-mdynconfig=xtensa_esp32.so' '-mlongcalls' '-Wno-frame-address' '-fno-builtin-memcpy' '-fno-builtin-memset' '-fno-builtin-bzero' '-nostartfiles' '-v' '-o' 'cmTC_fc86b' '-dumpdir' 'cmTC_fc86b.'



Parsed CXX implicit include dir info from above output: rv=done
  found start of include info
  found start of implicit include info
    add: [/root/.espressif/tools/xtensa-esp-elf/esp-15.1.0_20250607/xtensa-esp-elf/bin/../lib/gcc/xtensa-esp-elf/15.1.0/../../../../xtensa-esp-elf/include/c++/15.1.0]
    add: [/root/.espressif/tools/xtensa-esp-elf/esp-15.1.0_20250607/xtensa-esp-elf/bin/../lib/gcc/xtensa-esp-elf/15.1.0/../../../../xtensa-esp-elf/include/c++/15.1.0/xtensa-esp-elf/esp32]
    add: [/root/.espressif/tools/xtensa-esp-elf/esp-15.1.0_20250607/xtensa-esp-elf/bin/../lib/gcc/xtensa-esp-elf/15.1.0/../../../../xtensa-esp-elf/include/c++/15.1.0/backward]
    add: [/root/.espressif/tools/xtensa-esp-elf/esp-15.1.0_20250607/xtensa-esp-elf/bin/../lib/gcc/xtensa-esp-elf/15.1.0/include]
    add: [/root/.espressif/tools/xtensa-esp-elf/esp-15.1.0_20250607/xtensa-esp-elf/bin/../lib/gcc/xtensa-esp-elf/15.1.0/include-fixed]
    add: [/root/.espressif/tools/xtensa-esp-elf/esp-15.1.0_20250607/xtensa-esp-elf/bin/../lib/gcc/xtensa-esp-elf/15.1.0/../../../../xtensa-esp-elf/include]
  end of search list found
  collapse include dir [/root/.espressif/tools/xtensa-esp-elf/esp-15.1.0_20250607/xtensa-esp-elf/bin/../lib/gcc/xtensa-esp-elf/15.1.0/../../../../xtensa-esp-elf/include/c++/15.1.0] ==> [/root/.espressif/tools/xtensa-esp-elf/esp-15.1.0_20250607/xtensa-esp-elf/xtensa-esp-elf/include/c++/15.1.0]
  collapse include dir [/root/.espressif/tools/xtensa-esp-elf/esp-15.1.0_20250607/xtensa-esp-elf/bin/../lib/gcc/xtensa-esp-elf/15.1.0/../../../../xtensa-esp-elf/include/c++/15.1.0/xtensa-esp-elf/esp32] ==> [/root/.espressif/tools/xtensa-esp-elf/esp-15.1.0_20250607/xtensa-esp-elf/xtensa-esp-elf/include/c++/15.1.0/xtensa-esp-elf/esp32]
  collapse include dir [/root/.espressif/tools/xtensa-esp-elf/esp-15.1.0_20250607/xtensa-esp-elf/bin/../lib/gcc/xtensa-esp-elf/15.1.0/../../../../xtensa-esp-elf/include/c++/15.1.0/backward] ==> [/root/.espressif/tools/xtensa-esp-elf/esp-15.1.0_20250607/xtensa-esp-elf/xtensa-esp-elf/include/c++/15.1.0/backward]
  collapse include dir [/root/.espressif/tools/xtensa-esp-elf/esp-15.1.0_20250607/xtensa-esp-elf/bin/../lib/gcc/xtensa-esp-elf/15.1.0/include] ==> [/root/.espressif/tools/xtensa-esp-elf/esp-15.1.0_20250607/xtensa-esp-elf/lib/gcc/xtensa-esp-elf/15.1.0/include]
  collapse include dir [/root/.espressif/tools/xtensa-esp-elf/esp-15.1.0_20250607/xtensa-esp-elf/bin/../lib/gcc/xtensa-esp-elf/15.1.0/include-fixed] ==> [/root/.espressif/tools/xtensa-esp-elf/esp-15.1.0_20250607/xtensa-esp-elf/lib/gcc/xtensa-esp-elf/15.1.0/include-fixed]
  collapse include dir [/root/.espressif/tools/xtensa-esp-elf/esp-15.1.0_20250607/xtensa-esp-elf/bin/../lib/gcc/xtensa-esp-elf/15.1.0/../../../../xtensa-esp-elf/include] ==> [/root/.espressif/tools/xtensa-esp-elf/esp-15.1.0_20250607/xtensa-esp-elf/xtensa-esp-elf/include]
  implicit include dirs: [/root/.espressif/tools/xtensa-esp-elf/esp-15.1.0_20250607/xtensa-esp-elf/xtensa-esp-elf/include/c++/15.1.0;/root/.espressif/tools/xtensa-esp-elf/esp-15.1.0_20250607/xtensa-esp-elf/xtensa-esp-elf/include/c++/15.1.0/xtensa-esp-elf/esp32;/root/.espressif/tools/xtensa-esp-elf/esp-15.1.0_20250607/xtensa-esp-elf/xtensa-esp-elf/include/c++/15.1.0/backward;/root/.espressif/tools/xtensa-esp-elf/esp-15.1.0_20250607/xtensa-esp-elf/lib/gcc/xtensa-esp-elf/15.1.0/include;/root/.espressif/tools/xtensa-esp-elf/esp-15.1.0_20250607/xtensa-esp-elf/lib/gcc/xtensa-esp-elf/15.1.0/include-fixed;/root/.espressif/tools/xtensa-esp-elf/esp-15.1.0_20250607/xtensa-esp-elf/xtensa-esp-elf/include]


Parsed CXX implicit link information from above output:
  link line regex: [^( *|.*[/\])(xtensa-esp32-elf-ld|CMAKE_LINK_STARTFILE-NOTFOUND|([^/\]+-)?ld|collect2)[^/\]*( |$)]
  ignore line: [Change Dir: /root/leak_detector_liquid_level_ws/leak_detector/build/CMakeFiles/CMakeTmp]
  ignore line: []
  ignore line: [Run Build Command(s):/usr/bin/ninja cmTC_fc86b && [1/2] Building CXX object CMakeFiles/cmTC_fc86b.dir/CMakeCXXCompilerABI.cpp.obj]
  ignore line: [Using built-in specs.]
  ignore line: [COLLECT_GCC=/root/.espressif/tools/xtensa-esp-elf/esp-15.1.0_20250607/xtensa-esp-elf/bin/xtensa-esp-elf-g++]
  ignore line: [Target: xtensa-esp-elf]
  ignore line: [Configured with: /builds/idf/crosstool-NG/.build/xtensa-esp-elf/src/gcc/configure --build=x86_64-build_pc-linux-gnu --host=aarch64-host_unknown-linux-gnu --target=xtensa-esp-elf --prefix=/builds/idf/crosstool-NG/builds/xtensa-esp-elf --exec_prefix=/builds/idf/crosstool-NG/builds/xtensa-esp-elf --with-local-prefix=/builds/idf/crosstool-NG/builds/xtensa-esp-elf/xtensa-esp-elf --with-sysroot=/builds/idf/crosstool-NG/builds/xtensa-esp-elf/xtensa-esp-elf --with-native-system-header-dir=/include --with-headers=/builds/idf/crosstool-NG/builds/xtensa-esp-elf/xtensa-esp-elf/include --with-newlib --enable-threads=no --disable-shared --with-pkgversion='crosstool-NG esp-15.1.0_20250607' --disable-__cxa_atexit --enable-cxx-flags='-ffunction-sections -fdata-sections' --disable-libgomp --disable-libmudflap --disable-libmpx --disable-libssp --disable-libquadmath --disable-libquadmath-support --disable-libstdcxx-verbose --with-gmp=/builds/idf/crosstool-NG/.build/xtensa-esp-elf/buildtools/complibs-host --with-mpfr=/builds/idf/crosstool-NG/.build/xtensa-esp-elf/buildtools/complibs-host --with-mpc=/builds/idf/crosstool-NG/.build/xtensa-esp-elf/buildtools/complibs-host --with-isl=/builds/idf/crosstool-NG/.build/xtensa-esp-elf/buildtools/complibs-host --enable-lto --enable-target-optspace --without-long-double-128 --enable-plugin --disable-nls --enable-multiarch --enable-languages=c c++ --disable-libstdcxx-verbose --enable-threads=posix --enable-libstdcxx-time=yes --disable-win32-utf8-manifest]
  ignore line: [Thread model: posix]
  ignore line: [Supported LTO compression algorithms: zlib zstd]
  ignore line: [gcc version 15.1.0 (crosstool-NG esp-15.1.0_20250607) ]
  ignore line: [COLLECT_GCC_OPTIONS='-mdynconfig=xtensa_esp32.so' '-mlongcalls' '-Wno-frame-address' '-fno-builtin-memcpy' '-fno-builtin-memset' '-fno-builtin-bzero' '-v' '-o' 'CMakeFiles/cmTC_fc86b.dir/CMakeCXXCompilerABI.cpp.obj' '-c' '-dumpdir' 'CMakeFiles/cmTC_fc86b.dir/']
  ignore line: [ /root/.espressif/tools/xtensa-esp-elf/esp-15.1.0_20250607/xtensa-esp-elf/bin/../libexec/gcc/xtensa-esp-elf/15.1.0/cc1plus -quiet -v -imultilib esp32 -iprefix /root/.espressif/tools/xtensa-esp-elf/esp-15.1.0_20250607/xtensa-esp-elf/bin/../lib/gcc/xtensa-esp-elf/15.1.0/ -isysroot /root/.espressif/tools/xtensa-esp-elf/esp-15.1.0_20250607/xtensa-esp-elf/bin/../xtensa-esp-elf /usr/share/cmake-3.22/Modules/CMakeCXXCompilerABI.cpp -quiet -dumpdir CMakeFiles/cmTC_fc86b.dir/ -dumpbase CMakeCXXCompilerABI.cpp.cpp -dumpbase-ext .cpp -mdynconfig=xtensa_esp32.so -mlongcalls -Wno-frame-address -version -fno-builtin-memcpy -fno-builtin-memset -fno-builtin-bzero -o /tmp/ccCdulI0.s]
  ignore line: [GNU C++17 (crosstool-NG esp-15.1.0_20250607) version 15.1.0 (xtensa-esp-elf)]
  ignore line: [	compiled by GNU C version 6.3.0 20170516  GMP version 6.3.0  MPFR version 4.2.1  MPC version 1.3.1  isl version isl-0.26-GMP]
  ignore line: []
  ignore line: [GGC heuristics: --param ggc-min-expand=100 --param ggc-min-heapsize=131072]
  ignore line: [ignoring duplicate directory "/root/.espressif/tools/xtensa-esp-elf/esp-15.1.0_20250607/xtensa-esp-elf/bin/../lib/gcc/../../lib/gcc/xtensa-esp-elf/15.1.0/../../../../xtensa-esp-elf/include/c++/15.1.0"]
  ignore line: [ignoring duplicate directory "/root/.espressif/tools/xtensa-esp-elf/esp-15.1.0_20250607/xtensa-esp-elf/bin/../lib/gcc/../../lib/gcc/xtensa-esp-elf/15.1.0/../../../../xtensa-esp-elf/include/c++/15.1.0/xtensa-esp-elf/esp32"]
  ignore line: [ignoring duplicate directory "/root/.espressif/tools/xtensa-esp-elf/esp-15.1.0_20250607/xtensa-esp-elf/bin/../lib/gcc/../../lib/gcc/xtensa-esp-elf/15.1.0/../../../../xtensa-esp-elf/include/c++/15.1.0/backward"]
  ignore line: [ignoring duplicate directory "/root/.espressif/tools/xtensa-esp-elf/esp-15.1.0_20250607/xtensa-esp-elf/bin/../lib/gcc/../../lib/gcc/xtensa-esp-elf/15.1.0/include"]
  ignore line: [ignoring nonexistent directory "/root/.espressif/tools/xtensa-esp-elf/esp-15.1.0_20250607/xtensa-esp-elf/bin/../xtensa-esp-elf/builds/idf/crosstool-NG/builds/xtensa-esp-elf/xtensa-esp-elf/include"]
  ignore line: [ignoring duplicate directory "/root/.espressif/tools/xtensa-esp-elf/esp-15.1.0_20250607/xtensa-esp-elf/bin/../lib/gcc/../../lib/gcc/xtensa-esp-elf/15.1.0/include-fixed"]
  ignore line: [ignoring duplicate directory "/root/.espressif/tools/xtensa-esp-elf/esp-15.1.0_20250607/xtensa-esp-elf/bin/../lib/gcc/../../lib/gcc/xtensa-esp-elf/15.1.0/../../../../xtensa-esp-elf/include"]
  ignore line: [ignoring duplicate directory "/root/.espressif/tools/xtensa-esp-elf/esp-15.1.0_20250607/xtensa-esp-elf/bin/../xtensa-esp-elf/include"]
  ignore line: [#include "..." search starts here:]
  ignore line: [#include <...> search starts here:]
  ignore line: [ /root/.espressif/tools/xtensa-esp-elf/esp-15.1.0_20250607/xtensa-esp-elf/bin/../lib/gcc/xtensa-esp-elf/15.1.0/../../../../xtensa-esp-elf/include/c++/15.1.0]
  ignore line: [ /root/.espressif/tools/xtensa-esp-elf/esp-15.1.0_20250607/xtensa-esp-elf/bin/../lib/gcc/xtensa-esp-elf/15.1.0/../../../../xtensa-esp-elf/include/c++/15.1.0/xtensa-esp-elf/esp32]
  ignore line: [ /root/.espressif/tools/xtensa-esp-elf/esp-15.1.0_20250607/xtensa-esp-elf/bin/../lib/gcc/xtensa-esp-elf/15.1.0/../../../../xtensa-esp-elf/include/c++/15.1.0/backward]
  ignore line: [ /root/.espressif/tools/xtensa-esp-elf/esp-15.1.0_20250607/xtensa-esp-elf/bin/../lib/gcc/xtensa-esp-elf/15.1.0/include]
  ignore line: [ /root/.espressif/tools/xtensa-esp-elf/esp-15.1.0_20250607/xtensa-esp-elf/bin/../lib/gcc/xtensa-esp-elf/15.1.0/include-fixed]
  ignore line: [ /root/.espressif/tools/xtensa-esp-elf/esp-15.1.0_20250607/xtensa-esp-elf/bin/../lib/gcc/xtensa-esp-elf/15.1.0/../../../../xtensa-esp-elf/include]
  ignore line: [End of search list.]
  ignore line: [Compiler executable checksum: bdd4b82f397b0833cdb669157a23631a]
  ignore line: [COLLECT_GCC_OPTIONS='-mdynconfig=xtensa_esp32.so' '-mlongcalls' '-Wno-frame-address' '-fno-builtin-memcpy' '-fno-builtin-memset' '-fno-builtin-bzero' '-v' '-o' 'CMakeFiles/cmTC_fc86b.dir/CMakeCXXCompilerABI.cpp.obj' '-c' '-dumpdir' 'CMakeFiles/cmTC_fc86b.dir/']
  ignore line: [ /root/.espressif/tools/xtensa-esp-elf/esp-15.1.0_20250607/xtensa-esp-elf/bin/../lib/gcc/xtensa-esp-elf/15.1.0/../../../../xtensa-esp-elf/bin/as --traditional-format --longcalls --dynconfig=xtensa_esp32.so -o CMakeFiles/cmTC_fc86b.dir/CMakeCXXCompilerABI.cpp.obj /tmp/ccCdulI0.s]
  ignore line: [COMPILER_PATH=/root/.espressif/tools/xtensa-esp-elf/esp-15.1.0_20250607/xtensa-esp-elf/bin/../libexec/gcc/xtensa-esp-elf/15.1.0/:/root/.espressif/tools/xtensa-esp-elf/esp-15.1.0_20250607/xtensa-esp-elf/bin/../libexec/gcc/:/root/.espressif/tools/xtensa-esp-elf/esp-15.1.0_20250607/xtensa-esp-elf/bin/../lib/gcc/xtensa-esp-elf/15.1.0/../../../../xtensa-esp-elf/bin/]
  ignore line: [LIBRARY_PATH=/root/.espressif/tools/xtensa-esp-elf/esp-15.1.0_20250607/xtensa-esp-elf/bin/../lib/gcc/xtensa-esp-elf/15.1.0/esp32/:/root/.espressif/tools/xtensa-esp-elf/esp-15.1.0_20250607/xtensa-esp-elf/bin/../lib/gcc/xtensa-esp-elf/15.1.0/../../../../xtensa-esp-elf/lib/esp32/:/root/.espressif/tools/xtensa-esp-elf/esp-15.1.0_20250607/xtensa-esp-elf/bin/../xtensa-esp-elf/lib/esp32/:/root/.espressif/tools/xtensa-esp-elf/esp-15.1.0_20250607/xtensa-esp-elf/bin/../lib/gcc/xtensa-esp-elf/15.1.0/:/root/.espressif/tools/xtensa-esp-elf/esp-15.1.0_20250607/xtensa-esp-elf/bin/../lib/gcc/:/root/.espressif/tools/xtensa-esp-elf/esp-15.1.0_20250607/xtensa-esp-elf/bin/../lib/gcc/xtensa-esp-elf/15.1.0/../../../../xtensa-esp-elf/lib/:/root/.espressif/tools/xtensa-esp-elf/esp-15.1.0_20250607/xtensa-esp-elf/bin/../xtensa-esp-elf/lib/:/root/.espressif/tools/xtensa-esp-elf/esp-15.1.0_20250607/xtensa-esp-elf/bin/../xtensa-esp-elf/usr/lib/]
  ignore line: [COLLECT_GCC_OPTIONS='-mdynconfig=xtensa_esp32.so' '-mlongcalls' '-Wno-frame-address' '-fno-builtin-memcpy' '-fno-builtin-memset' '-fno-builtin-bzero' '-v' '-o' 'CMakeFiles/cmTC_fc86b.dir/CMakeCXXCompilerABI.cpp.obj' '-c' '-dumpdir' 'CMakeFiles/cmTC_fc86b.dir/CMakeCXXCompilerABI.cpp.']
  ignore line: [[2/2] Linking CXX executable cmTC_fc86b]
  ignore line: [Using built-in specs.]
  ignore line: [COLLECT_GCC=/root/.espressif/tools/xtensa-esp-elf/esp-15.1.0_20250607/xtensa-esp-elf/bin/xtensa-esp-elf-g++]
  ignore line: [COLLECT_LTO_WRAPPER=/root/.espressif/tools/xtensa-esp-elf/esp-15.1.0_20250607/xtensa-esp-elf/bin/../libexec/gcc/xtensa-esp-elf/15.1.0/lto-wrapper]
  ignore line: [Target: xtensa-esp-elf]
  ignore line: [Configured with: /builds/idf/crosstool-NG/.build/xtensa-esp-elf/src/gcc/configure --build=x86_64-build_pc-linux-gnu --host=aarch64-host_unknown-linux-gnu --target=xtensa-esp-elf --prefix=/builds/idf/crosstool-NG/builds/xtensa-esp-elf --exec_prefix=/builds/idf/crosstool-NG/builds/xtensa-esp-elf --with-local-prefix=/builds/idf/crosstool-NG/builds/xtensa-esp-elf/xtensa-esp-elf --with-sysroot=/builds/idf/crosstool-NG/builds/xtensa-esp-elf/xtensa-esp-elf --with-native-system-header-dir=/include --with-headers=/builds/idf/crosstool-NG/builds/xtensa-esp-elf/xtensa-esp-elf/include --with-newlib --enable-threads=no --disable-shared --with-pkgversion='crosstool-NG esp-15.1.0_20250607' --disable-__cxa_atexit --enable-cxx-flags='-ffunction-sections -fdata-sections' --disable-libgomp --disable-libmudflap --disable-libmpx --disable-libssp --disable-libquadmath --disable-libquadmath-support --disable-libstdcxx-verbose --with-gmp=/builds/idf/crosstool-NG/.build/xtensa-esp-elf/buildtools/complibs-host --with-mpfr=/builds/idf/crosstool-NG/.build/xtensa-esp-elf/buildtools/complibs-host --with-mpc=/builds/idf/crosstool-NG/.build/xtensa-esp-elf/buildtools/complibs-host --with-isl=/builds/idf/crosstool-NG/.build/xtensa-esp-elf/buildtools/complibs-host --enable-lto --enable-target-optspace --without-long-double-128 --enable-plugin --disable-nls --enable-multiarch --enable-languages=c c++ --disable-libstdcxx-verbose --enable-threads=posix --enable-libstdcxx-time=yes --disable-win32-utf8-manifest]
  ignore line: [Thread model: posix]
  ignore line: [Supported LTO compression algorithms: zlib zstd]
  ignore line: [gcc version 15.1.0 (crosstool-NG esp-15.1.0_20250607) ]
  ignore line: [COMPILER_PATH=/root/.espressif/tools/xtensa-esp-elf/esp-15.1.0_20250607/xtensa-esp-elf/bin/../libexec/gcc/xtensa-esp-elf/15.1.0/:/root/.espressif/tools/xtensa-esp-elf/esp-15.1.0_20250607/xtensa-esp-elf/bin/../libexec/gcc/:/root/.espressif/tools/xtensa-esp-elf/esp-15.1.0_20250607/xtensa-esp-elf/bin/../lib/gcc/xtensa-esp-elf/15.1.0/../../../../xtensa-esp-elf/bin/]
  ignore line: [LIBRARY_PATH=/root/.espressif/tools/xtensa-esp-elf/esp-15.1.0_20250607/xtensa-esp-elf/bin/../lib/gcc/xtensa-esp-elf/15.1.0/esp32/:/root/.espressif/tools/xtensa-esp-elf/esp-15.1.0_20250607/xtensa-esp-elf/bin/../lib/gcc/xtensa-esp-elf/15.1.0/../../../../xtensa-esp-elf/lib/esp32/:/root/.espressif/tools/xtensa-esp-elf/esp-15.1.0_20250607/xtensa-esp-elf/bin/../xtensa-esp-elf/lib/esp32/:/root/.espressif/tools/xtensa-esp-elf/esp-15.1.0_20250607/xtensa-esp-elf/bin/../lib/gcc/xtensa-esp-elf/15.1.0/:/root/.espressif/tools/xtensa-esp-elf/esp-15.1.0_20250607/xtensa-esp-elf/bin/../lib/gcc/:/root/.espressif/tools/xtensa-esp-elf/esp-15.1.0_20250607/xtensa-esp-elf/bin/../lib/gcc/xtensa-esp-elf/15.1.0/../../../../xtensa-esp-elf/lib/:/root/.espressif/tools/xtensa-esp-elf/esp-15.1.0_20250607/xtensa-esp-elf/bin/../xtensa-esp-elf/lib/:/root/.espressif/tools/xtensa-esp-elf/esp-15.1.0_20250607/xtensa-esp-elf/bin/../xtensa-esp-elf/usr/lib/]
  ignore line: [COLLECT_GCC_OPTIONS='-mdynconfig=xtensa_esp32.so' '-mlongcalls' '-Wno-frame-address' '-fno-builtin-memcpy' '-fno-builtin-memset' '-fno-builtin-bzero' '-nostartfiles' '-v' '-o' 'cmTC_fc86b' '-dumpdir' 'cmTC_fc86b.']
  link line: [ /root/.espressif/tools/xtensa-esp-elf/esp-15.1.0_20250607/xtensa-esp-elf/bin/../libexec/gcc/xtensa-esp-elf/15.1.0/collect2 -plugin /root/.espressif/tools/xtensa-esp-elf/esp-15.1.0_20250607/xtensa-esp-elf/bin/../libexec/gcc/xtensa-esp-elf/15.1.0/liblto_plugin.so -plugin-opt=/root/.espressif/tools/xtensa-esp-elf/esp-15.1.0_20250607/xtensa-esp-elf/bin/../libexec/gcc/xtensa-esp-elf/15.1.0/lto-wrapper -plugin-opt=-fresolution=/tmp/cc0IVkIk.res -plugin-opt=-pass-through=-lgcc -plugin-opt=-pass-through=-lc -plugin-opt=-pass-through=-lnosys -plugin-opt=-pass-through=-lc -plugin-opt=-pass-through=-lgcc --sysroot=/root/.espressif/tools/xtensa-esp-elf/esp-15.1.0_20250607/xtensa-esp-elf/bin/../xtensa-esp-elf --dynconfig=xtensa_esp32.so -o cmTC_fc86b -L/root/.espressif/tools/xtensa-esp-elf/esp-15.1.0_20250607/xtensa-esp-elf/bin/../lib/gcc/xtensa-esp-elf/15.1.0/esp32 -L/root/.espressif/tools/xtensa-esp-elf/esp-15.1.0_20250607/xtensa-esp-elf/bin/../lib/gcc/xtensa-esp-elf/15.1.0/../../../../xtensa-esp-elf/lib/esp32 -L/root/.espressif/tools/xtensa-esp-elf/esp-15.1.0_20250607/xtensa-esp-elf/bin/../xtensa-esp-elf/lib/esp32 -L/root/.espressif/tools/xtensa-esp-elf/esp-15.1.0_20250607/xtensa-esp-elf/bin/../lib/gcc/xtensa-esp-elf/15.1.0 -L/root/.espressif/tools/xtensa-esp-elf/esp-15.1.0_20250607/xtensa-esp-elf/bin/../lib/gcc -L/root/.espressif/tools/xtensa-esp-elf/esp-15.1.0_20250607/xtensa-esp-elf/bin/../lib/gcc/xtensa-esp-elf/15.1.0/../../../../xtensa-esp-elf/lib -L/root/.espressif/tools/xtensa-esp-elf/esp-15.1.0_20250607/xtensa-esp-elf/bin/../xtensa-esp-elf/lib -L/root/.espressif/tools/xtensa-esp-elf/esp-15.1.0_20250607/xtensa-esp-elf/bin/../xtensa-esp-elf/usr/lib CMakeFiles/cmTC_fc86b.dir/CMakeCXXCompilerABI.cpp.obj -lstdc++ -lm -lgcc -lc -lnosys -lc -lgcc]
    arg [/root/.espressif/tools/xtensa-esp-elf/esp-15.1.0_20250607/xtensa-esp-elf/bin/../libexec/gcc/xtensa-esp-elf/15.1.0/collect2] ==> ignore
    arg [-plugin] ==> ignore
    arg [/root/.espressif/tools/xtensa-esp-elf/esp-15.1.0_20250607/xtensa-esp-elf/bin/../libexec/gcc/xtensa-esp-elf/15.1.0/liblto_plugin.so] ==> ignore
    arg [-plugin-opt=/root/.espressif/tools/xtensa-esp-elf/esp-15.1.0_20250607/xtensa-esp-elf/bin/../libexec/gcc/xtensa-esp-elf/15.1.0/lto-wrapper] ==> ignore
    arg [-plugin-opt=-fresolution=/tmp/cc0IVkIk.res] ==> ignore
    arg [-plugin-opt=-pass-through=-lgcc] ==> ignore
    arg [-plugin-opt=-pass-through=-lc] ==> ignore
    arg [-plugin-opt=-pass-through=-lnosys] ==> ignore
    arg [-plugin-opt=-pass-through=-lc] ==> ignore
    arg [-plugin-opt=-pass-through=-lgcc] ==> ignore
    arg [--sysroot=/root/.espressif/tools/xtensa-esp-elf/esp-15.1.0_20250607/xtensa-esp-elf/bin/../xtensa-esp-elf] ==> ignore
    arg [--dynconfig=xtensa_esp32.so] ==> ignore
    arg [-o] ==> ignore
    arg [cmTC_fc86b] ==> ignore
    arg [-L/root/.espressif/tools/xtensa-esp-elf/esp-15.1.0_20250607/xtensa-esp-elf/bin/../lib/gcc/xtensa-esp-elf/15.1.0/esp32] ==> dir [/root/.espressif/tools/xtensa-esp-elf/esp-15.1.0_20250607/xtensa-esp-elf/bin/../lib/gcc/xtensa-esp-elf/15.1.0/esp32]
    arg [-L/root/.espressif/tools/xtensa-esp-elf/esp-15.1.0_20250607/xtensa-esp-elf/bin/../lib/gcc/xtensa-esp-elf/15.1.0/../../../../xtensa-esp-elf/lib/esp32] ==> dir [/root/.espressif/tools/xtensa-esp-elf/esp-15.1.0_20250607/xtensa-esp-elf/bin/../lib/gcc/xtensa-esp-elf/15.1.0/../../../../xtensa-esp-elf/lib/esp32]
    arg [-L/root/.espressif/tools/xtensa-esp-elf/esp-15.1.0_20250607/xtensa-esp-elf/bin/../xtensa-esp-elf/lib/esp32] ==> dir [/root/.espressif/tools/xtensa-esp-elf/esp-15.1.0_20250607/xtensa-esp-elf/bin/../xtensa-esp-elf/lib/esp32]
    arg [-L/root/.espressif/tools/xtensa-esp-elf/esp-15.1.0_20250607/xtensa-esp-elf/bin/../lib/gcc/xtensa-esp-elf/15.1.0] ==> dir [/root/.espressif/tools/xtensa-esp-elf/esp-15.1.0_20250607/xtensa-esp-elf/bin/../lib/gcc/xtensa-esp-elf/15.1.0]
    arg [-L/root/.espressif/tools/xtensa-esp-elf/esp-15.1.0_20250607/xtensa-esp-elf/bin/../lib/gcc] ==> dir [/root/.espressif/tools/xtensa-esp-elf/esp-15.1.0_20250607/xtensa-esp-elf/bin/../lib/gcc]
    arg [-L/root/.espressif/tools/xtensa-esp-elf/esp-15.1.0_20250607/xtensa-esp-elf/bin/../lib/gcc/xtensa-esp-elf/15.1.0/../../../../xtensa-esp-elf/lib] ==> dir [/root/.espressif/tools/xtensa-esp-elf/esp-15.1.0_20250607/xtensa-esp-elf/bin/../lib/gcc/xtensa-esp-elf/15.1.0/../../../../xtensa-esp-elf/lib]
    arg [-L/root/.espressif/tools/xtensa-esp-elf/esp-15.1.0_20250607/xtensa-esp-elf/bin/../xtensa-esp-elf/lib] ==> dir [/root/.espressif/tools/xtensa-esp-elf/esp-15.1.0_20250607/xtensa-esp-elf/bin/../xtensa-esp-elf/lib]
    arg [-L/root/.espressif/tools/xtensa-esp-elf/esp-15.1.0_20250607/xtensa-esp-elf/bin/../xtensa-esp-elf/usr/lib] ==> dir [/root/.espressif/tools/xtensa-esp-elf/esp-15.1.0_20250607/xtensa-esp-elf/bin/../xtensa-esp-elf/usr/lib]
    arg [CMakeFiles/cmTC_fc86b.dir/CMakeCXXCompilerABI.cpp.obj] ==> ignore
    arg [-lstdc++] ==> lib [stdc++]
    arg [-lm] ==> lib [m]
    arg [-lgcc] ==> lib [gcc]
    arg [-lc] ==> lib [c]
    arg [-lnosys] ==> lib [nosys]
    arg [-lc] ==> lib [c]
    arg [-lgcc] ==> lib [gcc]
  collapse library dir [/root/.espressif/tools/xtensa-esp-elf/esp-15.1.0_20250607/xtensa-esp-elf/bin/../lib/gcc/xtensa-esp-elf/15.1.0/esp32] ==> [/root/.espressif/tools/xtensa-esp-elf/esp-15.1.0_20250607/xtensa-esp-elf/lib/gcc/xtensa-esp-elf/15.1.0/esp32]
  collapse library dir [/root/.espressif/tools/xtensa-esp-elf/esp-15.1.0_20250607/xtensa-esp-elf/bin/../lib/gcc/xtensa-esp-elf/15.1.0/../../../../xtensa-esp-elf/lib/esp32] ==> [/root/.espressif/tools/xtensa-esp-elf/esp-15.1.0_20250607/xtensa-esp-elf/xtensa-esp-elf/lib/esp32]
  collapse library dir [/root/.espressif/tools/xtensa-esp-elf/esp-15.1.0_20250607/xtensa-esp-elf/bin/../xtensa-esp-elf/lib/esp32] ==> [/root/.espressif/tools/xtensa-esp-elf/esp-15.1.0_20250607/xtensa-esp-elf/xtensa-esp-elf/lib/esp32]
  collapse library dir [/root/.espressif/tools/xtensa-esp-elf/esp-15.1.0_20250607/xtensa-esp-elf/bin/../lib/gcc/xtensa-esp-elf/15.1.0] ==> [/root/.espressif/tools/xtensa-esp-elf/esp-15.1.0_20250607/xtensa-esp-elf/lib/gcc/xtensa-esp-elf/15.1.0]
  collapse library dir [/root/.espressif/tools/xtensa-esp-elf/esp-15.1.0_20250607/xtensa-esp-elf/bin/../lib/gcc] ==> [/root/.espressif/tools/xtensa-esp-elf/esp-15.1.0_20250607/xtensa-esp-elf/lib/gcc]
  collapse library dir [/root/.espressif/tools/xtensa-esp-elf/esp-15.1.0_20250607/xtensa-esp-elf/bin/../lib/gcc/xtensa-esp-elf/15.1.0/../../../../xtensa-esp-elf/lib] ==> [/root/.espressif/tools/xtensa-esp-elf/esp-15.1.0_20250607/xtensa-esp-elf/xtensa-esp-elf/lib]
  collapse library dir [/root/.espressif/tools/xtensa-esp-elf/esp-15.1.0_20250607/xtensa-esp-elf/bin/../xtensa-esp-elf/lib] ==> [/root/.espressif/tools/xtensa-esp-elf/esp-15.1.0_20250607/xtensa-esp-elf/xtensa-esp-elf/lib]
  collapse library dir [/root/.espressif/tools/xtensa-esp-elf/esp-15.1.0_20250607/xtensa-esp-elf/bin/../xtensa-esp-elf/usr/lib] ==> [/root/.espressif/tools/xtensa-esp-elf/esp-15.1.0_20250607/xtensa-esp-elf/xtensa-esp-elf/usr/lib]
  implicit libs: [stdc++;m;gcc;c;nosys;c;gcc]
  implicit objs: []
  implicit dirs: [/root/.espressif/tools/xtensa-esp-elf/esp-15.1.0_20250607/xtensa-esp-elf/lib/gcc/xtensa-esp-elf/15.1.0/esp32;/root/.espressif/tools/xtensa-esp-elf/esp-15.1.0_20250607/xtensa-esp-elf/xtensa-esp-elf/lib/esp32;/root/.espressif/tools/xtensa-esp-elf/esp-15.1.0_20250607/xtensa-esp-elf/lib/gcc/xtensa-esp-elf/15.1.0;/root/.espressif/tools/xtensa-esp-elf/esp-15.1.0_20250607/xtensa-esp-elf/lib/gcc;/root/.espressif/tools/xtensa-esp-elf/esp-15.1.0_20250607/xtensa-esp-elf/xtensa-esp-elf/lib;/root/.espressif/tools/xtensa-esp-elf/esp-15.1.0_20250607/xtensa-esp-elf/xtensa-esp-elf/usr/lib]
  implicit fwks: []


Determining if the include file pthread.h exists passed with the following output:
Change Dir: /root/leak_detector_liquid_level_ws/leak_detector/build/CMakeFiles/CMakeTmp

Run Build Command(s):/usr/bin/ninja cmTC_c6cde && [1/2] Building C object CMakeFiles/cmTC_c6cde.dir/CheckIncludeFile.c.obj
[2/2] Linking C executable cmTC_c6cde
/root/.espressif/tools/xtensa-esp-elf/esp-15.1.0_20250607/xtensa-esp-elf/bin/../lib/gcc/xtensa-esp-elf/15.1.0/../../../../xtensa-esp-elf/bin/ld: warning: cannot find entry symbol _start; defaulting to 00400054



Performing C SOURCE FILE Test CMAKE_HAVE_LIBC_PTHREAD succeeded with the following output:
Change Dir: /root/leak_detector_liquid_level_ws/leak_detector/build/CMakeFiles/CMakeTmp

Run Build Command(s):/usr/bin/ninja cmTC_9e945 && [1/2] Building C object CMakeFiles/cmTC_9e945.dir/src.c.obj
[2/2] Linking C executable cmTC_9e945
/root/.espressif/tools/xtensa-esp-elf/esp-15.1.0_20250607/xtensa-esp-elf/bin/../lib/gcc/xtensa-esp-elf/15.1.0/../../../../xtensa-esp-elf/bin/ld: CMakeFiles/cmTC_9e945.dir/src.c.obj:(.literal+0x14): warning: pthread_atfork is not implemented and will always fail
/root/.espressif/tools/xtensa-esp-elf/esp-15.1.0_20250607/xtensa-esp-elf/bin/../lib/gcc/xtensa-esp-elf/15.1.0/../../../../xtensa-esp-elf/bin/ld: CMakeFiles/cmTC_9e945.dir/src.c.obj:(.literal+0xc): warning: pthread_cancel is not implemented and will always fail
/root/.espressif/tools/xtensa-esp-elf/esp-15.1.0_20250607/xtensa-esp-elf/bin/../lib/gcc/xtensa-esp-elf/15.1.0/../../../../xtensa-esp-elf/bin/ld: CMakeFiles/cmTC_9e945.dir/src.c.obj:(.literal+0x4): warning: pthread_create is not implemented and will always fail
/root/.espressif/tools/xtensa-esp-elf/esp-15.1.0_20250607/xtensa-esp-elf/bin/../lib/gcc/xtensa-esp-elf/15.1.0/../../../../xtensa-esp-elf/bin/ld: CMakeFiles/cmTC_9e945.dir/src.c.obj:(.literal+0x8): warning: pthread_detach is not implemented and will always fail
/root/.espressif/tools/xtensa-esp-elf/esp-15.1.0_20250607/xtensa-esp-elf/bin/../lib/gcc/xtensa-esp-elf/15.1.0/../../../../xtensa-esp-elf/bin/ld: CMakeFiles/cmTC_9e945.dir/src.c.obj:(.literal+0x18): warning: pthread_exit is not implemented and will always fail
/root/.espressif/tools/xtensa-esp-elf/esp-15.1.0_20250607/xtensa-esp-elf/bin/../lib/gcc/xtensa-esp-elf/15.1.0/../../../../xtensa-esp-elf/bin/ld: CMakeFiles/cmTC_9e945.dir/src.c.obj:(.literal+0x10): warning: pthread_join is not implemented and will always fail
/root/.espressif/tools/xtensa-esp-elf/esp-15.1.0_20250607/xtensa-esp-elf/bin/../lib/gcc/xtensa-esp-elf/15.1.0/../../../../xtensa-esp-elf/bin/ld: warning: cannot find entry symbol _start; defaulting to 00400054


Source file was:
#include <pthread.h>

static void* test_func(void* data)
{
  return data;
}

int main(void)
{
  pthread_t thread;
  pthread_create(&thread, NULL, test_func, NULL);
  pthread_detach(thread);
  pthread_cancel(thread);
  pthread_join(thread, NULL);
  pthread_atfork(NULL, NULL, NULL);
  pthread_exit(NULL);

  return 0;
}

Performing C SOURCE FILE Test C_COMPILER_SUPPORTS_WFORMAT_SIGNEDNESS succeeded with the following output:
Change Dir: /root/leak_detector_liquid_level_ws/leak_detector/build/CMakeFiles/CMakeTmp

Run Build Command(s):/usr/bin/ninja cmTC_7bfbb && [1/2] Building C object CMakeFiles/cmTC_7bfbb.dir/src.c.obj
[2/2] Linking C executable cmTC_7bfbb
/root/.espressif/tools/xtensa-esp-elf/esp-15.1.0_20250607/xtensa-esp-elf/bin/../lib/gcc/xtensa-esp-elf/15.1.0/../../../../xtensa-esp-elf/bin/ld: warning: cannot find entry symbol _start; defaulting to 00400054


Source file was:
int main(void) { return 0; }
